04.05.2020 10:41:15.968 [restartedMain] INFO   r.i.A.AsGihdTorisApplication - Starting AsGihdTorisApplication on kinteg-MS-7B45 with PID 10465 (/home/kinteg/work/AS-GIHD-TORIS/build/classes/java/main started by kinteg in /home/kinteg/work/AS-GIHD-TORIS)
04.05.2020 10:41:15.970 [restartedMain] INFO   r.i.A.AsGihdTorisApplication - The following profiles are active: dev
04.05.2020 10:41:15.994 [restartedMain] INFO   o.s.b.d.r.ChangeableUrls - The Class-Path manifest attribute in /home/kinteg/.gradle/caches/modules-2/files-2.1/com.github.junrar/junrar/4.0.0/93f9b74e1507db9c55c5bdd35369376a474e4db5/junrar-4.0.0.jar referenced one or more files that do not exist: file:/home/kinteg/.gradle/caches/modules-2/files-2.1/com.github.junrar/junrar/4.0.0/93f9b74e1507db9c55c5bdd35369376a474e4db5/commons-logging-1.2.jar,file:/home/kinteg/.gradle/caches/modules-2/files-2.1/com.github.junrar/junrar/4.0.0/93f9b74e1507db9c55c5bdd35369376a474e4db5/commons-vfs2-2.2.jar
04.05.2020 10:41:15.994 [restartedMain] INFO   o.s.b.d.r.ChangeableUrls - The Class-Path manifest attribute in /home/kinteg/.gradle/caches/modules-2/files-2.1/org.glassfish.jaxb/jaxb-runtime/2.3.2/5528bc882ea499a09d720b42af11785c4fc6be2a/jaxb-runtime-2.3.2.jar referenced one or more files that do not exist: file:/home/kinteg/.gradle/caches/modules-2/files-2.1/org.glassfish.jaxb/jaxb-runtime/2.3.2/5528bc882ea499a09d720b42af11785c4fc6be2a/jakarta.xml.bind-api-2.3.2.jar,file:/home/kinteg/.gradle/caches/modules-2/files-2.1/org.glassfish.jaxb/jaxb-runtime/2.3.2/5528bc882ea499a09d720b42af11785c4fc6be2a/txw2-2.3.2.jar,file:/home/kinteg/.gradle/caches/modules-2/files-2.1/org.glassfish.jaxb/jaxb-runtime/2.3.2/5528bc882ea499a09d720b42af11785c4fc6be2a/istack-commons-runtime-3.0.8.jar,file:/home/kinteg/.gradle/caches/modules-2/files-2.1/org.glassfish.jaxb/jaxb-runtime/2.3.2/5528bc882ea499a09d720b42af11785c4fc6be2a/stax-ex-1.8.1.jar,file:/home/kinteg/.gradle/caches/modules-2/files-2.1/org.glassfish.jaxb/jaxb-runtime/2.3.2/5528bc882ea499a09d720b42af11785c4fc6be2a/FastInfoset-1.2.16.jar,file:/home/kinteg/.gradle/caches/modules-2/files-2.1/org.glassfish.jaxb/jaxb-runtime/2.3.2/5528bc882ea499a09d720b42af11785c4fc6be2a/jakarta.activation-api-1.2.1.jar
04.05.2020 10:41:15.995 [restartedMain] INFO   o.s.b.d.e.DevToolsPropertyDefaultsPostProcessor - Devtools property defaults active! Set 'spring.devtools.add-properties' to 'false' to disable
04.05.2020 10:41:15.995 [restartedMain] INFO   o.s.b.d.e.DevToolsPropertyDefaultsPostProcessor - For additional web related logging consider setting the 'logging.level.web' property to 'DEBUG'
04.05.2020 10:41:19.390 [restartedMain] INFO   o.s.d.r.c.RepositoryConfigurationDelegate - Multiple Spring Data modules found, entering strict repository configuration mode!
04.05.2020 10:41:19.391 [restartedMain] INFO   o.s.d.r.c.RepositoryConfigurationDelegate - Bootstrapping Spring Data JDBC repositories in DEFAULT mode.
04.05.2020 10:41:19.431 [restartedMain] INFO   o.s.d.r.c.RepositoryConfigurationExtensionSupport - Spring Data JDBC - Could not safely identify store assignment for repository candidate interface ru.iac.ASGIHDTORIS.spring.repo.ActionsRepo. If you want this repository to be a JDBC repository, consider annotating your entities with one of these annotations: org.springframework.data.relational.core.mapping.Table.
04.05.2020 10:41:19.433 [restartedMain] INFO   o.s.d.r.c.RepositoryConfigurationExtensionSupport - Spring Data JDBC - Could not safely identify store assignment for repository candidate interface ru.iac.ASGIHDTORIS.spring.repo.BeforeAfterPatternRepo. If you want this repository to be a JDBC repository, consider annotating your entities with one of these annotations: org.springframework.data.relational.core.mapping.Table.
04.05.2020 10:41:19.434 [restartedMain] INFO   o.s.d.r.c.RepositoryConfigurationExtensionSupport - Spring Data JDBC - Could not safely identify store assignment for repository candidate interface ru.iac.ASGIHDTORIS.spring.repo.BeforeAfterPatternTableRepo. If you want this repository to be a JDBC repository, consider annotating your entities with one of these annotations: org.springframework.data.relational.core.mapping.Table.
04.05.2020 10:41:19.435 [restartedMain] INFO   o.s.d.r.c.RepositoryConfigurationExtensionSupport - Spring Data JDBC - Could not safely identify store assignment for repository candidate interface ru.iac.ASGIHDTORIS.spring.repo.BeforeAfterSourceRepo. If you want this repository to be a JDBC repository, consider annotating your entities with one of these annotations: org.springframework.data.relational.core.mapping.Table.
04.05.2020 10:41:19.436 [restartedMain] INFO   o.s.d.r.c.RepositoryConfigurationExtensionSupport - Spring Data JDBC - Could not safely identify store assignment for repository candidate interface ru.iac.ASGIHDTORIS.spring.repo.ErrorsRepo. If you want this repository to be a JDBC repository, consider annotating your entities with one of these annotations: org.springframework.data.relational.core.mapping.Table.
04.05.2020 10:41:19.437 [restartedMain] INFO   o.s.d.r.c.RepositoryConfigurationExtensionSupport - Spring Data JDBC - Could not safely identify store assignment for repository candidate interface ru.iac.ASGIHDTORIS.spring.repo.ObjectsRepo. If you want this repository to be a JDBC repository, consider annotating your entities with one of these annotations: org.springframework.data.relational.core.mapping.Table.
04.05.2020 10:41:19.438 [restartedMain] INFO   o.s.d.r.c.RepositoryConfigurationExtensionSupport - Spring Data JDBC - Could not safely identify store assignment for repository candidate interface ru.iac.ASGIHDTORIS.spring.repo.PatternFileRepo. If you want this repository to be a JDBC repository, consider annotating your entities with one of these annotations: org.springframework.data.relational.core.mapping.Table.
04.05.2020 10:41:19.439 [restartedMain] INFO   o.s.d.r.c.RepositoryConfigurationExtensionSupport - Spring Data JDBC - Could not safely identify store assignment for repository candidate interface ru.iac.ASGIHDTORIS.spring.repo.PatternLoggerRepo. If you want this repository to be a JDBC repository, consider annotating your entities with one of these annotations: org.springframework.data.relational.core.mapping.Table.
04.05.2020 10:41:19.440 [restartedMain] INFO   o.s.d.r.c.RepositoryConfigurationExtensionSupport - Spring Data JDBC - Could not safely identify store assignment for repository candidate interface ru.iac.ASGIHDTORIS.spring.repo.PatternRepo. If you want this repository to be a JDBC repository, consider annotating your entities with one of these annotations: org.springframework.data.relational.core.mapping.Table.
04.05.2020 10:41:19.440 [restartedMain] INFO   o.s.d.r.c.RepositoryConfigurationExtensionSupport - Spring Data JDBC - Could not safely identify store assignment for repository candidate interface ru.iac.ASGIHDTORIS.spring.repo.PatternTableFileRepo. If you want this repository to be a JDBC repository, consider annotating your entities with one of these annotations: org.springframework.data.relational.core.mapping.Table.
04.05.2020 10:41:19.441 [restartedMain] INFO   o.s.d.r.c.RepositoryConfigurationExtensionSupport - Spring Data JDBC - Could not safely identify store assignment for repository candidate interface ru.iac.ASGIHDTORIS.spring.repo.PatternTableLoggerRepo. If you want this repository to be a JDBC repository, consider annotating your entities with one of these annotations: org.springframework.data.relational.core.mapping.Table.
04.05.2020 10:41:19.442 [restartedMain] INFO   o.s.d.r.c.RepositoryConfigurationExtensionSupport - Spring Data JDBC - Could not safely identify store assignment for repository candidate interface ru.iac.ASGIHDTORIS.spring.repo.PatternTableRepo. If you want this repository to be a JDBC repository, consider annotating your entities with one of these annotations: org.springframework.data.relational.core.mapping.Table.
04.05.2020 10:41:19.442 [restartedMain] INFO   o.s.d.r.c.RepositoryConfigurationExtensionSupport - Spring Data JDBC - Could not safely identify store assignment for repository candidate interface ru.iac.ASGIHDTORIS.spring.repo.SourceLoggerRepo. If you want this repository to be a JDBC repository, consider annotating your entities with one of these annotations: org.springframework.data.relational.core.mapping.Table.
04.05.2020 10:41:19.443 [restartedMain] INFO   o.s.d.r.c.RepositoryConfigurationExtensionSupport - Spring Data JDBC - Could not safely identify store assignment for repository candidate interface ru.iac.ASGIHDTORIS.spring.repo.SourceRepo. If you want this repository to be a JDBC repository, consider annotating your entities with one of these annotations: org.springframework.data.relational.core.mapping.Table.
04.05.2020 10:41:19.443 [restartedMain] INFO   o.s.d.r.c.RepositoryConfigurationExtensionSupport - Spring Data JDBC - Could not safely identify store assignment for repository candidate interface ru.iac.ASGIHDTORIS.spring.repo.StatusesRepo. If you want this repository to be a JDBC repository, consider annotating your entities with one of these annotations: org.springframework.data.relational.core.mapping.Table.
04.05.2020 10:41:19.444 [restartedMain] INFO   o.s.d.r.c.RepositoryConfigurationDelegate - Finished Spring Data repository scanning in 47ms. Found 0 JDBC repository interfaces.
04.05.2020 10:41:19.449 [restartedMain] INFO   o.s.d.r.c.RepositoryConfigurationDelegate - Multiple Spring Data modules found, entering strict repository configuration mode!
04.05.2020 10:41:19.449 [restartedMain] INFO   o.s.d.r.c.RepositoryConfigurationDelegate - Bootstrapping Spring Data JPA repositories in DEFAULT mode.
04.05.2020 10:41:19.497 [restartedMain] INFO   o.s.d.r.c.RepositoryConfigurationDelegate - Finished Spring Data repository scanning in 44ms. Found 15 JPA repository interfaces.
04.05.2020 10:41:19.759 [restartedMain] INFO   o.s.c.s.PostProcessorRegistrationDelegate$BeanPostProcessorChecker - Bean 'org.springframework.transaction.annotation.ProxyTransactionManagementConfiguration' of type [org.springframework.transaction.annotation.ProxyTransactionManagementConfiguration] is not eligible for getting processed by all BeanPostProcessors (for example: not eligible for auto-proxying)
04.05.2020 10:41:20.202 [restartedMain] INFO   o.s.b.w.e.t.TomcatWebServer - Tomcat initialized with port(s): 8082 (http)
04.05.2020 10:41:20.207 [restartedMain] INFO   o.a.c.h.Http11NioProtocol - Initializing ProtocolHandler ["http-nio-8082"]
04.05.2020 10:41:20.208 [restartedMain] INFO   o.a.c.c.StandardService - Starting service [Tomcat]
04.05.2020 10:41:20.208 [restartedMain] INFO   o.a.c.c.StandardEngine - Starting Servlet engine: [Apache Tomcat/9.0.30]
04.05.2020 10:41:20.260 [restartedMain] INFO   o.a.c.c.C.[.[.[/] - Initializing Spring embedded WebApplicationContext
04.05.2020 10:41:20.261 [restartedMain] INFO   o.s.w.c.ContextLoader - Root WebApplicationContext: initialization completed in 4266 ms
04.05.2020 10:41:20.378 [restartedMain] INFO   o.f.c.i.l.VersionPrinter - Flyway Community Edition 6.2.4 by Redgate
04.05.2020 10:41:20.383 [restartedMain] INFO   c.z.h.HikariDataSource - HikariPool-1 - Starting...
04.05.2020 10:41:20.531 [restartedMain] INFO   c.z.h.HikariDataSource - HikariPool-1 - Start completed.
04.05.2020 10:41:20.544 [restartedMain] INFO   o.f.c.i.d.DatabaseFactory - Database: jdbc:postgresql://localhost:5432/iac5 (PostgreSQL 12.1)
04.05.2020 10:41:20.581 [restartedMain] INFO   o.f.c.i.c.DbValidate - Successfully validated 5 migrations (execution time 00:00.014s)
04.05.2020 10:41:20.585 [restartedMain] INFO   o.f.c.i.c.DbMigrate - Current version of schema "public": 5
04.05.2020 10:41:20.586 [restartedMain] INFO   o.f.c.i.c.DbMigrate - Schema "public" is up to date. No migration necessary.
04.05.2020 10:41:20.718 [restartedMain] INFO   o.h.j.i.u.LogHelper - HHH000204: Processing PersistenceUnitInfo [name: default]
04.05.2020 10:41:20.777 [restartedMain] INFO   o.hibernate.Version - HHH000412: Hibernate Core {5.4.10.Final}
04.05.2020 10:41:20.908 [restartedMain] INFO   o.h.a.common.Version - HCANN000001: Hibernate Commons Annotations {5.1.0.Final}
04.05.2020 10:41:20.964 [restartedMain] INFO   o.h.dialect.Dialect - HHH000400: Using dialect: org.hibernate.dialect.PostgreSQLDialect
04.05.2020 10:41:21.473 [restartedMain] INFO   o.h.e.t.j.p.i.JtaPlatformInitiator - HHH000490: Using JtaPlatform implementation: [org.hibernate.engine.transaction.jta.platform.internal.NoJtaPlatform]
04.05.2020 10:41:21.476 [restartedMain] INFO   o.s.o.j.LocalContainerEntityManagerFactoryBean - Initialized JPA EntityManagerFactory for persistence unit 'default'
04.05.2020 10:41:21.510 [restartedMain] INFO   o.s.b.d.a.OptionalLiveReloadServer - LiveReload server is running on port 35729
04.05.2020 10:41:22.549 [restartedMain] INFO   o.s.s.c.ThreadPoolTaskExecutor - Initializing ExecutorService 'applicationTaskExecutor'
04.05.2020 10:41:22.608 [restartedMain] INFO   o.s.b.a.w.s.WelcomePageHandlerMapping - Adding welcome page template: index
04.05.2020 10:41:22.952 [restartedMain] INFO   o.a.c.h.Http11NioProtocol - Starting ProtocolHandler ["http-nio-8082"]
04.05.2020 10:41:22.962 [restartedMain] INFO   o.s.b.w.e.t.TomcatWebServer - Tomcat started on port(s): 8082 (http) with context path ''
04.05.2020 10:41:22.964 [restartedMain] INFO   r.i.A.AsGihdTorisApplication - Started AsGihdTorisApplication in 7.17 seconds (JVM running for 7.666)
04.05.2020 10:43:08.293 [http-nio-8082-exec-1] INFO   o.a.c.c.C.[.[.[/] - Initializing Spring DispatcherServlet 'dispatcherServlet'
04.05.2020 10:43:08.293 [http-nio-8082-exec-1] INFO   o.s.w.s.DispatcherServlet - Initializing Servlet 'dispatcherServlet'
04.05.2020 10:43:08.309 [http-nio-8082-exec-1] INFO   o.s.w.s.DispatcherServlet - Completed initialization in 16 ms
04.05.2020 10:43:11.898 [http-nio-8082-exec-2] INFO   r.i.A.a.c.PatternControllerAspect - before execution(Page ru.iac.ASGIHDTORIS.spring.controller.PatternController.getAllPatternArchive(Pageable)), args=[Page request [number: 0, size 10, sort: id: ASC]]
04.05.2020 10:43:11.979 [http-nio-8082-exec-2] INFO   r.i.A.a.c.PatternControllerAspect - afterReturning execution(Page ru.iac.ASGIHDTORIS.spring.controller.PatternController.getAllPatternArchive(Pageable)),
return=[
   pageCount=0,
   totalElements=0,
   pageNumber=0,
   pageSize=10,
   sort=id: ASC,
   values=[
       
       ]
]
04.05.2020 10:43:18.599 [http-nio-8082-exec-3] INFO   r.i.A.a.c.PatternControllerAspect - before execution(Page ru.iac.ASGIHDTORIS.spring.controller.PatternController.getAllPattern(Pageable)), args=[Page request [number: 0, size 10, sort: id: ASC]]
04.05.2020 10:43:18.615 [http-nio-8082-exec-3] INFO   r.i.A.a.c.PatternControllerAspect - afterReturning execution(Page ru.iac.ASGIHDTORIS.spring.controller.PatternController.getAllPattern(Pageable)),
return=[
   pageCount=1,
   totalElements=3,
   pageNumber=0,
   pageSize=10,
   sort=id: ASC,
   values=[
       Pattern(id=20, fileCount=-1, archiveFileCount=2, name=Шаблон124, description=Данные по какой-то хуйне, direction=-, management=Ыть, isArchive=false, dateCreation=2020-04-27T13:24:40.149489, dateDeactivation=2020-04-29T20:07:52.533144, dateActivation=2020-04-29T20:08:20.814598, lastUpdate=2020-04-29T19:08:01.406479, sourceId=1)
       Pattern(id=33, fileCount=1, archiveFileCount=0, name=Шаблон2, description=Данные по какой-то хуйне, direction=-, management=Ыть, isArchive=false, dateCreation=2020-04-27T13:24:46.233215, dateDeactivation=2020-04-29T20:14:18.185354, dateActivation=2020-04-29T20:18:33.605233, lastUpdate=2020-04-27T13:24:46.233317, sourceId=1)
       Pattern(id=46, fileCount=0, archiveFileCount=0, name=Шаблон3, description=Данные по какой-то хуйне, direction=-, management=Ыть, isArchive=false, dateCreation=2020-04-27T13:24:49.163051, dateDeactivation=null, dateActivation=2020-04-27T13:24:49.163100, lastUpdate=2020-04-27T13:24:49.163123, sourceId=1)
       ]
]
04.05.2020 10:43:20.992 [http-nio-8082-exec-8] INFO   r.i.A.a.c.FileUnLoaderControllerAspect - before execution(List ru.iac.ASGIHDTORIS.spring.controller.FileUnLoaderController.getAllPatternFileByPatternId(Long)), args=[20]
04.05.2020 10:43:20.993 [http-nio-8082-exec-5] INFO   r.i.A.a.c.PatternControllerAspect - before execution(Pattern ru.iac.ASGIHDTORIS.spring.controller.PatternController.getPatternById(Long)), args=[20]
04.05.2020 10:43:20.994 [http-nio-8082-exec-6] INFO   r.i.A.a.c.PatternTableControllerAspect - before execution(Page ru.iac.ASGIHDTORIS.spring.controller.PatternTableController.getAllByPatternId(Long,Pageable)), args=[20,Page request [number: 0, size 10, sort: id: ASC]]
04.05.2020 10:43:21.002 [http-nio-8082-exec-8] INFO   r.i.A.a.c.FileUnLoaderControllerAspect - afterReturning execution(List ru.iac.ASGIHDTORIS.spring.controller.FileUnLoaderController.getAllPatternFileByPatternId(Long)),

04.05.2020 10:43:21.002 [http-nio-8082-exec-5] INFO   r.i.A.a.c.PatternControllerAspect - afterReturning execution(Pattern ru.iac.ASGIHDTORIS.spring.controller.PatternController.getPatternById(Long)), return= Pattern(id=20, fileCount=-1, archiveFileCount=2, name=Шаблон124, description=Данные по какой-то хуйне, direction=-, management=Ыть, isArchive=false, dateCreation=2020-04-27T13:24:40.149489, dateDeactivation=2020-04-29T20:07:52.533144, dateActivation=2020-04-29T20:08:20.814598, lastUpdate=2020-04-29T19:08:01.406479, sourceId=1)
04.05.2020 10:43:21.004 [http-nio-8082-exec-6] INFO   r.i.A.a.c.PatternTableControllerAspect - afterReturning execution(Page ru.iac.ASGIHDTORIS.spring.controller.PatternTableController.getAllByPatternId(Long,Pageable)),
return=[
   pageCount=1,
   totalElements=1,
   pageNumber=0,
   pageSize=10,
   sort=id: ASC,
   values=[
       PatternTable(id=59, nameTable=ahormmsnqydzmks, nameFile=арабская ночь1.csv, patternId=20, sourceId=1, isArchive=true, dateCreation=2020-04-28T16:39:20.906848, dateDeactivation=2020-04-29T20:09:12.195556, dateActivation=2020-04-29T20:08:46.619174, lastUpdate=2020-04-28T16:39:20.906882, dateKill=null, version=1, isActive=true, oldName=null)
       ]
]
04.05.2020 10:43:21.106 [http-nio-8082-exec-9] INFO   r.i.A.a.c.SourceControllerAspect - before execution(Source ru.iac.ASGIHDTORIS.spring.controller.SourceController.getById(Long)), args=[1]
04.05.2020 10:43:21.111 [http-nio-8082-exec-9] INFO   r.i.A.a.c.SourceControllerAspect - afterReturning execution(Source ru.iac.ASGIHDTORIS.spring.controller.SourceController.getById(Long)), return= Source(id=1, name=СПб ГУП "СПб ИАЦ", longName=Общероссийский классификатор стандартов, shortName=ОКС, description=Общероссийский классификатор стандартов (ОКС) входит в состав Единой системы классификации и кодирования технико экономической и социальной информации (ЕСКК) Российской Федерации. ОКС предназначен для использования при построении каталогов, указателей, выборочных перечней, библиографических материалов, формировании баз данных по международным, межгосударственным и национальным стандартам и другим нормативным и техническим документам, обеспечивая предоставление информации и распространение этих документов в национальном, межгосударственном и международном масштабах., addDescription=Обладателем информации по классификатору "Общероссийский классификатор стандартов" является Ростехрегулирование ОК (МК (ИСО/ИНФКО МКС) 001-96) 001-2000, scope=Нормативно-справочная информация, periodicity=По мере обновления, renewalPeriod=-, type=Классификатор, tags=-, providerLink=-, dataSource=-, dateCreation=2020-04-27T13:24:37.075077, dateDeactivation=null, dateActivation=2020-04-27T13:24:37.075119, lastUpdate=2020-04-27T13:24:37.075135, isArchive=false)
04.05.2020 10:43:37.998 [SpringContextShutdownHook] INFO   o.s.s.c.ThreadPoolTaskExecutor - Shutting down ExecutorService 'applicationTaskExecutor'
04.05.2020 10:43:38.003 [SpringContextShutdownHook] INFO   o.s.o.j.LocalContainerEntityManagerFactoryBean - Closing JPA EntityManagerFactory for persistence unit 'default'
04.05.2020 10:43:38.005 [SpringContextShutdownHook] INFO   c.z.h.HikariDataSource - HikariPool-1 - Shutdown initiated...
04.05.2020 10:43:38.011 [SpringContextShutdownHook] INFO   c.z.h.HikariDataSource - HikariPool-1 - Shutdown completed.
04.05.2020 10:43:40.130 [restartedMain] INFO   r.i.A.AsGihdTorisApplication - Starting AsGihdTorisApplication on kinteg-MS-7B45 with PID 11066 (/home/kinteg/work/AS-GIHD-TORIS/build/classes/java/main started by kinteg in /home/kinteg/work/AS-GIHD-TORIS)
04.05.2020 10:43:40.131 [restartedMain] INFO   r.i.A.AsGihdTorisApplication - The following profiles are active: dev
04.05.2020 10:43:40.153 [restartedMain] INFO   o.s.b.d.r.ChangeableUrls - The Class-Path manifest attribute in /home/kinteg/.gradle/caches/modules-2/files-2.1/com.github.junrar/junrar/4.0.0/93f9b74e1507db9c55c5bdd35369376a474e4db5/junrar-4.0.0.jar referenced one or more files that do not exist: file:/home/kinteg/.gradle/caches/modules-2/files-2.1/com.github.junrar/junrar/4.0.0/93f9b74e1507db9c55c5bdd35369376a474e4db5/commons-logging-1.2.jar,file:/home/kinteg/.gradle/caches/modules-2/files-2.1/com.github.junrar/junrar/4.0.0/93f9b74e1507db9c55c5bdd35369376a474e4db5/commons-vfs2-2.2.jar
04.05.2020 10:43:40.154 [restartedMain] INFO   o.s.b.d.r.ChangeableUrls - The Class-Path manifest attribute in /home/kinteg/.gradle/caches/modules-2/files-2.1/org.glassfish.jaxb/jaxb-runtime/2.3.2/5528bc882ea499a09d720b42af11785c4fc6be2a/jaxb-runtime-2.3.2.jar referenced one or more files that do not exist: file:/home/kinteg/.gradle/caches/modules-2/files-2.1/org.glassfish.jaxb/jaxb-runtime/2.3.2/5528bc882ea499a09d720b42af11785c4fc6be2a/jakarta.xml.bind-api-2.3.2.jar,file:/home/kinteg/.gradle/caches/modules-2/files-2.1/org.glassfish.jaxb/jaxb-runtime/2.3.2/5528bc882ea499a09d720b42af11785c4fc6be2a/txw2-2.3.2.jar,file:/home/kinteg/.gradle/caches/modules-2/files-2.1/org.glassfish.jaxb/jaxb-runtime/2.3.2/5528bc882ea499a09d720b42af11785c4fc6be2a/istack-commons-runtime-3.0.8.jar,file:/home/kinteg/.gradle/caches/modules-2/files-2.1/org.glassfish.jaxb/jaxb-runtime/2.3.2/5528bc882ea499a09d720b42af11785c4fc6be2a/stax-ex-1.8.1.jar,file:/home/kinteg/.gradle/caches/modules-2/files-2.1/org.glassfish.jaxb/jaxb-runtime/2.3.2/5528bc882ea499a09d720b42af11785c4fc6be2a/FastInfoset-1.2.16.jar,file:/home/kinteg/.gradle/caches/modules-2/files-2.1/org.glassfish.jaxb/jaxb-runtime/2.3.2/5528bc882ea499a09d720b42af11785c4fc6be2a/jakarta.activation-api-1.2.1.jar
04.05.2020 10:43:40.154 [restartedMain] INFO   o.s.b.d.e.DevToolsPropertyDefaultsPostProcessor - Devtools property defaults active! Set 'spring.devtools.add-properties' to 'false' to disable
04.05.2020 10:43:40.154 [restartedMain] INFO   o.s.b.d.e.DevToolsPropertyDefaultsPostProcessor - For additional web related logging consider setting the 'logging.level.web' property to 'DEBUG'
04.05.2020 10:43:40.580 [restartedMain] INFO   o.s.d.r.c.RepositoryConfigurationDelegate - Multiple Spring Data modules found, entering strict repository configuration mode!
04.05.2020 10:43:40.581 [restartedMain] INFO   o.s.d.r.c.RepositoryConfigurationDelegate - Bootstrapping Spring Data JDBC repositories in DEFAULT mode.
04.05.2020 10:43:40.610 [restartedMain] INFO   o.s.d.r.c.RepositoryConfigurationExtensionSupport - Spring Data JDBC - Could not safely identify store assignment for repository candidate interface ru.iac.ASGIHDTORIS.spring.repo.ActionsRepo. If you want this repository to be a JDBC repository, consider annotating your entities with one of these annotations: org.springframework.data.relational.core.mapping.Table.
04.05.2020 10:43:40.611 [restartedMain] INFO   o.s.d.r.c.RepositoryConfigurationExtensionSupport - Spring Data JDBC - Could not safely identify store assignment for repository candidate interface ru.iac.ASGIHDTORIS.spring.repo.BeforeAfterPatternRepo. If you want this repository to be a JDBC repository, consider annotating your entities with one of these annotations: org.springframework.data.relational.core.mapping.Table.
04.05.2020 10:43:40.612 [restartedMain] INFO   o.s.d.r.c.RepositoryConfigurationExtensionSupport - Spring Data JDBC - Could not safely identify store assignment for repository candidate interface ru.iac.ASGIHDTORIS.spring.repo.BeforeAfterPatternTableRepo. If you want this repository to be a JDBC repository, consider annotating your entities with one of these annotations: org.springframework.data.relational.core.mapping.Table.
04.05.2020 10:43:40.613 [restartedMain] INFO   o.s.d.r.c.RepositoryConfigurationExtensionSupport - Spring Data JDBC - Could not safely identify store assignment for repository candidate interface ru.iac.ASGIHDTORIS.spring.repo.BeforeAfterSourceRepo. If you want this repository to be a JDBC repository, consider annotating your entities with one of these annotations: org.springframework.data.relational.core.mapping.Table.
04.05.2020 10:43:40.614 [restartedMain] INFO   o.s.d.r.c.RepositoryConfigurationExtensionSupport - Spring Data JDBC - Could not safely identify store assignment for repository candidate interface ru.iac.ASGIHDTORIS.spring.repo.ErrorsRepo. If you want this repository to be a JDBC repository, consider annotating your entities with one of these annotations: org.springframework.data.relational.core.mapping.Table.
04.05.2020 10:43:40.615 [restartedMain] INFO   o.s.d.r.c.RepositoryConfigurationExtensionSupport - Spring Data JDBC - Could not safely identify store assignment for repository candidate interface ru.iac.ASGIHDTORIS.spring.repo.ObjectsRepo. If you want this repository to be a JDBC repository, consider annotating your entities with one of these annotations: org.springframework.data.relational.core.mapping.Table.
04.05.2020 10:43:40.616 [restartedMain] INFO   o.s.d.r.c.RepositoryConfigurationExtensionSupport - Spring Data JDBC - Could not safely identify store assignment for repository candidate interface ru.iac.ASGIHDTORIS.spring.repo.PatternFileRepo. If you want this repository to be a JDBC repository, consider annotating your entities with one of these annotations: org.springframework.data.relational.core.mapping.Table.
04.05.2020 10:43:40.616 [restartedMain] INFO   o.s.d.r.c.RepositoryConfigurationExtensionSupport - Spring Data JDBC - Could not safely identify store assignment for repository candidate interface ru.iac.ASGIHDTORIS.spring.repo.PatternLoggerRepo. If you want this repository to be a JDBC repository, consider annotating your entities with one of these annotations: org.springframework.data.relational.core.mapping.Table.
04.05.2020 10:43:40.617 [restartedMain] INFO   o.s.d.r.c.RepositoryConfigurationExtensionSupport - Spring Data JDBC - Could not safely identify store assignment for repository candidate interface ru.iac.ASGIHDTORIS.spring.repo.PatternRepo. If you want this repository to be a JDBC repository, consider annotating your entities with one of these annotations: org.springframework.data.relational.core.mapping.Table.
04.05.2020 10:43:40.618 [restartedMain] INFO   o.s.d.r.c.RepositoryConfigurationExtensionSupport - Spring Data JDBC - Could not safely identify store assignment for repository candidate interface ru.iac.ASGIHDTORIS.spring.repo.PatternTableFileRepo. If you want this repository to be a JDBC repository, consider annotating your entities with one of these annotations: org.springframework.data.relational.core.mapping.Table.
04.05.2020 10:43:40.619 [restartedMain] INFO   o.s.d.r.c.RepositoryConfigurationExtensionSupport - Spring Data JDBC - Could not safely identify store assignment for repository candidate interface ru.iac.ASGIHDTORIS.spring.repo.PatternTableLoggerRepo. If you want this repository to be a JDBC repository, consider annotating your entities with one of these annotations: org.springframework.data.relational.core.mapping.Table.
04.05.2020 10:43:40.619 [restartedMain] INFO   o.s.d.r.c.RepositoryConfigurationExtensionSupport - Spring Data JDBC - Could not safely identify store assignment for repository candidate interface ru.iac.ASGIHDTORIS.spring.repo.PatternTableRepo. If you want this repository to be a JDBC repository, consider annotating your entities with one of these annotations: org.springframework.data.relational.core.mapping.Table.
04.05.2020 10:43:40.620 [restartedMain] INFO   o.s.d.r.c.RepositoryConfigurationExtensionSupport - Spring Data JDBC - Could not safely identify store assignment for repository candidate interface ru.iac.ASGIHDTORIS.spring.repo.SourceLoggerRepo. If you want this repository to be a JDBC repository, consider annotating your entities with one of these annotations: org.springframework.data.relational.core.mapping.Table.
04.05.2020 10:43:40.621 [restartedMain] INFO   o.s.d.r.c.RepositoryConfigurationExtensionSupport - Spring Data JDBC - Could not safely identify store assignment for repository candidate interface ru.iac.ASGIHDTORIS.spring.repo.SourceRepo. If you want this repository to be a JDBC repository, consider annotating your entities with one of these annotations: org.springframework.data.relational.core.mapping.Table.
04.05.2020 10:43:40.622 [restartedMain] INFO   o.s.d.r.c.RepositoryConfigurationExtensionSupport - Spring Data JDBC - Could not safely identify store assignment for repository candidate interface ru.iac.ASGIHDTORIS.spring.repo.StatusesRepo. If you want this repository to be a JDBC repository, consider annotating your entities with one of these annotations: org.springframework.data.relational.core.mapping.Table.
04.05.2020 10:43:40.622 [restartedMain] INFO   o.s.d.r.c.RepositoryConfigurationDelegate - Finished Spring Data repository scanning in 38ms. Found 0 JDBC repository interfaces.
04.05.2020 10:43:40.628 [restartedMain] INFO   o.s.d.r.c.RepositoryConfigurationDelegate - Multiple Spring Data modules found, entering strict repository configuration mode!
04.05.2020 10:43:40.628 [restartedMain] INFO   o.s.d.r.c.RepositoryConfigurationDelegate - Bootstrapping Spring Data JPA repositories in DEFAULT mode.
04.05.2020 10:43:40.676 [restartedMain] INFO   o.s.d.r.c.RepositoryConfigurationDelegate - Finished Spring Data repository scanning in 45ms. Found 15 JPA repository interfaces.
04.05.2020 10:43:40.923 [restartedMain] INFO   o.s.c.s.PostProcessorRegistrationDelegate$BeanPostProcessorChecker - Bean 'org.springframework.transaction.annotation.ProxyTransactionManagementConfiguration' of type [org.springframework.transaction.annotation.ProxyTransactionManagementConfiguration] is not eligible for getting processed by all BeanPostProcessors (for example: not eligible for auto-proxying)
04.05.2020 10:43:41.327 [restartedMain] INFO   o.s.b.w.e.t.TomcatWebServer - Tomcat initialized with port(s): 8082 (http)
04.05.2020 10:43:41.332 [restartedMain] INFO   o.a.c.h.Http11NioProtocol - Initializing ProtocolHandler ["http-nio-8082"]
04.05.2020 10:43:41.333 [restartedMain] INFO   o.a.c.c.StandardService - Starting service [Tomcat]
04.05.2020 10:43:41.333 [restartedMain] INFO   o.a.c.c.StandardEngine - Starting Servlet engine: [Apache Tomcat/9.0.30]
04.05.2020 10:43:41.381 [restartedMain] INFO   o.a.c.c.C.[.[.[/] - Initializing Spring embedded WebApplicationContext
04.05.2020 10:43:41.381 [restartedMain] INFO   o.s.w.c.ContextLoader - Root WebApplicationContext: initialization completed in 1227 ms
04.05.2020 10:43:41.491 [restartedMain] INFO   o.f.c.i.l.VersionPrinter - Flyway Community Edition 6.2.4 by Redgate
04.05.2020 10:43:41.494 [restartedMain] INFO   c.z.h.HikariDataSource - HikariPool-1 - Starting...
04.05.2020 10:43:41.616 [restartedMain] INFO   c.z.h.HikariDataSource - HikariPool-1 - Start completed.
04.05.2020 10:43:41.624 [restartedMain] INFO   o.f.c.i.d.DatabaseFactory - Database: jdbc:postgresql://localhost:5432/iac5 (PostgreSQL 12.1)
04.05.2020 10:43:41.641 [restartedMain] INFO   o.f.c.i.c.DbValidate - Successfully validated 5 migrations (execution time 00:00.008s)
04.05.2020 10:43:41.644 [restartedMain] INFO   o.f.c.i.c.DbMigrate - Current version of schema "public": 5
04.05.2020 10:43:41.645 [restartedMain] INFO   o.f.c.i.c.DbMigrate - Schema "public" is up to date. No migration necessary.
04.05.2020 10:43:41.762 [restartedMain] INFO   o.h.j.i.u.LogHelper - HHH000204: Processing PersistenceUnitInfo [name: default]
04.05.2020 10:43:41.792 [restartedMain] INFO   o.hibernate.Version - HHH000412: Hibernate Core {5.4.10.Final}
04.05.2020 10:43:41.847 [restartedMain] INFO   o.h.a.common.Version - HCANN000001: Hibernate Commons Annotations {5.1.0.Final}
04.05.2020 10:43:41.891 [restartedMain] INFO   o.h.dialect.Dialect - HHH000400: Using dialect: org.hibernate.dialect.PostgreSQLDialect
04.05.2020 10:43:42.354 [restartedMain] INFO   o.h.e.t.j.p.i.JtaPlatformInitiator - HHH000490: Using JtaPlatform implementation: [org.hibernate.engine.transaction.jta.platform.internal.NoJtaPlatform]
04.05.2020 10:43:42.357 [restartedMain] INFO   o.s.o.j.LocalContainerEntityManagerFactoryBean - Initialized JPA EntityManagerFactory for persistence unit 'default'
04.05.2020 10:43:42.393 [restartedMain] INFO   o.s.b.d.a.OptionalLiveReloadServer - LiveReload server is running on port 35729
04.05.2020 10:43:43.399 [restartedMain] INFO   o.s.s.c.ThreadPoolTaskExecutor - Initializing ExecutorService 'applicationTaskExecutor'
04.05.2020 10:43:43.458 [restartedMain] INFO   o.s.b.a.w.s.WelcomePageHandlerMapping - Adding welcome page template: index
04.05.2020 10:43:43.794 [restartedMain] INFO   o.a.c.h.Http11NioProtocol - Starting ProtocolHandler ["http-nio-8082"]
04.05.2020 10:43:43.804 [restartedMain] INFO   o.s.b.w.e.t.TomcatWebServer - Tomcat started on port(s): 8082 (http) with context path ''
04.05.2020 10:43:43.806 [restartedMain] INFO   r.i.A.AsGihdTorisApplication - Started AsGihdTorisApplication in 3.849 seconds (JVM running for 4.338)
04.05.2020 10:44:00.436 [http-nio-8082-exec-1] INFO   o.a.c.c.C.[.[.[/] - Initializing Spring DispatcherServlet 'dispatcherServlet'
04.05.2020 10:44:00.437 [http-nio-8082-exec-1] INFO   o.s.w.s.DispatcherServlet - Initializing Servlet 'dispatcherServlet'
04.05.2020 10:44:00.449 [http-nio-8082-exec-1] INFO   o.s.w.s.DispatcherServlet - Completed initialization in 12 ms
04.05.2020 10:44:00.480 [http-nio-8082-exec-1] INFO   r.i.A.a.c.PatternTableControllerAspect - before execution(FullTableModelPage ru.iac.ASGIHDTORIS.spring.controller.PatternTableController.getTable(Long,SearchModel,Pageable)), args=[59,
SearchModel(nameColumn=null, sort=null, keys=null, values=null, pageable=null),
Page request [number: 0, size 10, sort: UNSORTED]]
04.05.2020 10:44:00.557 [http-nio-8082-exec-1] INFO   r.i.A.s.c.FullRepoHelper - SELECT * FROM ahormmsnqydzmks ORDER BY number asc LIMIT 10 OFFSET 0
04.05.2020 10:44:00.565 [http-nio-8082-exec-1] INFO   r.i.A.a.c.PatternTableControllerAspect - afterReturning execution(FullTableModelPage ru.iac.ASGIHDTORIS.spring.controller.PatternTableController.getTable(Long,SearchModel,Pageable)), return=[
   filename=арабская ночь1.csv,
   tableName=ahormmsnqydzmks,
   models=[
      DataModel(key=number, type=integer, primary=true)
       DataModel(key=budget, type=text, primary=false)
       DataModel(key=reportperiod, type=text, primary=false)
       DataModel(key=indicator, type=text, primary=false)
       DataModel(key=bud_value, type=double precision, primary=false)
       DataModel(key=value, type=double precision, primary=false)
       DataModel(key=implpercent, type=double precision, primary=false)
       DataModel(key=fesfds, type=text, primary=false)],
   values=(
   pageCount=2,
   totalElements=15,
   pageNumber=0,
   pageSize=10,
   sort=UNSORTED,
   values=[
       number=1,
         budget=Первоначально утвержденный бюджет 2019 г.,
         reportperiod=на 1 декабря 2019 г.,
         indicator=Национальная оборона,
         bud_value=86755.9,
         value=51158.2719,
         implpercent=58.3102583245,
         fesfds=null
       number=2,
         budget=Первоначально утвержденный бюджет 2019 г.,
         reportperiod=на 1 декабря 2019 г.,
         indicator=Обслуживание государственного и муниципального долга,
         bud_value=2336030,
         value=1155515,
         implpercent=49.4649041322,
         fesfds=null
       number=3,
         budget=Первоначально утвержденный бюджет 2019 г.,
         reportperiod=на 1 декабря 2019 г.,
         indicator=Межбюджетные трансферты общего характера бюджетам бюджетной системы Российской Федерации,
         bud_value=957818.6,
         value=755291.4563,
         implpercent=78.8553757778,
         fesfds=null
       number=4,
         budget=Первоначально утвержденный бюджет 2019 г.,
         reportperiod=на 1 декабря 2019 г.,
         indicator=Охрана окружающей среды,
         bud_value=2049609.9,
         value=1366536.9329,
         implpercent=66.6730255792,
         fesfds=null
       number=5,
         budget=Первоначально утвержденный бюджет 2019 г.,
         reportperiod=на 1 декабря 2019 г.,
         indicator=Средства массовой информации,
         bud_value=3350037,
         value=2978341.0636,
         implpercent=88.9137348227,
         fesfds=null
       number=6,
         budget=Первоначально утвержденный бюджет 2019 г.,
         reportperiod=на 1 декабря 2019 г.,
         indicator=Национальная безопасность и правоохранительная деятельность,
         bud_value=4431707.8,
         value=3650143.9981,
         implpercent=82.5066138445,
         fesfds=null
       number=7,
         budget=Первоначально утвержденный бюджет 2019 г.,
         reportperiod=на 1 декабря 2019 г.,
         indicator=Физическая культура и спорт,
         bud_value=14534101.1,
         value=11987728.2502,
         implpercent=82.4405759198,
         fesfds=null
       number=8,
         budget=Первоначально утвержденный бюджет 2019 г.,
         reportperiod=на 1 декабря 2019 г.,
         indicator=Культура, кинематография,
         bud_value=22073540.4,
         value=17504979.7847,
         implpercent=79.3737757117,
         fesfds=null
       number=9,
         budget=Первоначально утвержденный бюджет 2019 г.,
         reportperiod=на 1 декабря 2019 г.,
         indicator=Общегосударственные вопросы,
         bud_value=33168228.9,
         value=24262062.2182,
         implpercent=73.1722451027,
         fesfds=null
       number=10,
         budget=Первоначально утвержденный бюджет 2019 г.,
         reportperiod=на 1 декабря 2019 г.,
         indicator=Жилищно-коммунальное хозяйство,
         bud_value=69035772.9,
         value=52969938.4811,
         implpercent=76.7676374944,
         fesfds=null
       ]
]
04.05.2020 10:44:00.671 [http-nio-8082-exec-2] INFO   r.i.A.a.c.PatternTableControllerAspect - before execution(PatternTable ru.iac.ASGIHDTORIS.spring.controller.PatternTableController.getById(Long)), args=[59]
04.05.2020 10:44:00.673 [http-nio-8082-exec-2] INFO   r.i.A.a.c.PatternTableControllerAspect - after execution(PatternTable ru.iac.ASGIHDTORIS.spring.controller.PatternTableController.getById(Long)), patternTable=PatternTable(id=59, nameTable=ahormmsnqydzmks, nameFile=арабская ночь1.csv, patternId=20, sourceId=1, isArchive=true, dateCreation=2020-04-28T16:39:20.906848, dateDeactivation=2020-04-29T20:09:12.195556, dateActivation=2020-04-29T20:08:46.619174, lastUpdate=2020-04-28T16:39:20.906882, dateKill=null, version=1, isActive=true, oldName=null)
04.05.2020 10:44:12.872 [http-nio-8082-exec-6] INFO   r.i.A.a.c.PatternControllerAspect - before execution(Page ru.iac.ASGIHDTORIS.spring.controller.PatternController.getAllPattern(Pageable)), args=[Page request [number: 0, size 10, sort: id: ASC]]
04.05.2020 10:44:12.881 [http-nio-8082-exec-6] INFO   r.i.A.a.c.PatternControllerAspect - afterReturning execution(Page ru.iac.ASGIHDTORIS.spring.controller.PatternController.getAllPattern(Pageable)),
return=[
   pageCount=1,
   totalElements=3,
   pageNumber=0,
   pageSize=10,
   sort=id: ASC,
   values=[
       Pattern(id=20, fileCount=-1, archiveFileCount=2, name=Шаблон124, description=Данные по какой-то хуйне, direction=-, management=Ыть, isArchive=false, dateCreation=2020-04-27T13:24:40.149489, dateDeactivation=2020-04-29T20:07:52.533144, dateActivation=2020-04-29T20:08:20.814598, lastUpdate=2020-04-29T19:08:01.406479, sourceId=1)
       Pattern(id=33, fileCount=1, archiveFileCount=0, name=Шаблон2, description=Данные по какой-то хуйне, direction=-, management=Ыть, isArchive=false, dateCreation=2020-04-27T13:24:46.233215, dateDeactivation=2020-04-29T20:14:18.185354, dateActivation=2020-04-29T20:18:33.605233, lastUpdate=2020-04-27T13:24:46.233317, sourceId=1)
       Pattern(id=46, fileCount=0, archiveFileCount=0, name=Шаблон3, description=Данные по какой-то хуйне, direction=-, management=Ыть, isArchive=false, dateCreation=2020-04-27T13:24:49.163051, dateDeactivation=null, dateActivation=2020-04-27T13:24:49.163100, lastUpdate=2020-04-27T13:24:49.163123, sourceId=1)
       ]
]
04.05.2020 10:44:15.117 [http-nio-8082-exec-8] INFO   r.i.A.a.c.PatternControllerAspect - before execution(Pattern ru.iac.ASGIHDTORIS.spring.controller.PatternController.getPatternById(Long)), args=[20]
04.05.2020 10:44:15.119 [http-nio-8082-exec-1] INFO   r.i.A.a.c.FileUnLoaderControllerAspect - before execution(List ru.iac.ASGIHDTORIS.spring.controller.FileUnLoaderController.getAllPatternFileByPatternId(Long)), args=[20]
04.05.2020 10:44:15.120 [http-nio-8082-exec-10] INFO   r.i.A.a.c.PatternTableControllerAspect - before execution(Page ru.iac.ASGIHDTORIS.spring.controller.PatternTableController.getAllByPatternId(Long,Pageable)), args=[20,Page request [number: 0, size 10, sort: id: ASC]]
04.05.2020 10:44:15.121 [http-nio-8082-exec-8] INFO   r.i.A.a.c.PatternControllerAspect - afterReturning execution(Pattern ru.iac.ASGIHDTORIS.spring.controller.PatternController.getPatternById(Long)), return= Pattern(id=20, fileCount=-1, archiveFileCount=2, name=Шаблон124, description=Данные по какой-то хуйне, direction=-, management=Ыть, isArchive=false, dateCreation=2020-04-27T13:24:40.149489, dateDeactivation=2020-04-29T20:07:52.533144, dateActivation=2020-04-29T20:08:20.814598, lastUpdate=2020-04-29T19:08:01.406479, sourceId=1)
04.05.2020 10:44:15.123 [http-nio-8082-exec-10] INFO   r.i.A.a.c.PatternTableControllerAspect - afterReturning execution(Page ru.iac.ASGIHDTORIS.spring.controller.PatternTableController.getAllByPatternId(Long,Pageable)),
return=[
   pageCount=1,
   totalElements=1,
   pageNumber=0,
   pageSize=10,
   sort=id: ASC,
   values=[
       PatternTable(id=59, nameTable=ahormmsnqydzmks, nameFile=арабская ночь1.csv, patternId=20, sourceId=1, isArchive=true, dateCreation=2020-04-28T16:39:20.906848, dateDeactivation=2020-04-29T20:09:12.195556, dateActivation=2020-04-29T20:08:46.619174, lastUpdate=2020-04-28T16:39:20.906882, dateKill=null, version=1, isActive=true, oldName=null)
       ]
]
04.05.2020 10:44:15.124 [http-nio-8082-exec-1] INFO   r.i.A.a.c.FileUnLoaderControllerAspect - afterReturning execution(List ru.iac.ASGIHDTORIS.spring.controller.FileUnLoaderController.getAllPatternFileByPatternId(Long)),

04.05.2020 10:44:15.156 [http-nio-8082-exec-2] INFO   r.i.A.a.c.SourceControllerAspect - before execution(Source ru.iac.ASGIHDTORIS.spring.controller.SourceController.getById(Long)), args=[1]
04.05.2020 10:44:15.160 [http-nio-8082-exec-2] INFO   r.i.A.a.c.SourceControllerAspect - afterReturning execution(Source ru.iac.ASGIHDTORIS.spring.controller.SourceController.getById(Long)), return= Source(id=1, name=СПб ГУП "СПб ИАЦ", longName=Общероссийский классификатор стандартов, shortName=ОКС, description=Общероссийский классификатор стандартов (ОКС) входит в состав Единой системы классификации и кодирования технико экономической и социальной информации (ЕСКК) Российской Федерации. ОКС предназначен для использования при построении каталогов, указателей, выборочных перечней, библиографических материалов, формировании баз данных по международным, межгосударственным и национальным стандартам и другим нормативным и техническим документам, обеспечивая предоставление информации и распространение этих документов в национальном, межгосударственном и международном масштабах., addDescription=Обладателем информации по классификатору "Общероссийский классификатор стандартов" является Ростехрегулирование ОК (МК (ИСО/ИНФКО МКС) 001-96) 001-2000, scope=Нормативно-справочная информация, periodicity=По мере обновления, renewalPeriod=-, type=Классификатор, tags=-, providerLink=-, dataSource=-, dateCreation=2020-04-27T13:24:37.075077, dateDeactivation=null, dateActivation=2020-04-27T13:24:37.075119, lastUpdate=2020-04-27T13:24:37.075135, isArchive=false)
04.05.2020 10:44:18.767 [http-nio-8082-exec-3] INFO   r.i.A.a.c.PatternTableControllerAspect - before execution(PatternTable ru.iac.ASGIHDTORIS.spring.controller.PatternTableController.deArchivePattern(Long)), args=[59]
04.05.2020 10:44:18.823 [http-nio-8082-exec-3] INFO   r.i.A.a.c.PatternTableControllerAspect - afterReturning execution(PatternTable ru.iac.ASGIHDTORIS.spring.controller.PatternTableController.deArchivePattern(Long)), return= PatternTable(id=59, nameTable=ahormmsnqydzmks, nameFile=арабская ночь1.csv, patternId=20, sourceId=1, isArchive=false, dateCreation=2020-04-28T16:39:20.906848, dateDeactivation=2020-04-29T20:09:12.195556, dateActivation=2020-05-04T10:44:18.771630, lastUpdate=2020-04-28T16:39:20.906882, dateKill=null, version=1, isActive=true, oldName=null)
04.05.2020 10:44:18.855 [http-nio-8082-exec-4] INFO   r.i.A.a.c.PatternControllerAspect - before execution(Pattern ru.iac.ASGIHDTORIS.spring.controller.PatternController.getPatternById(Long)), args=[20]
04.05.2020 10:44:18.856 [http-nio-8082-exec-4] INFO   r.i.A.a.c.PatternControllerAspect - afterReturning execution(Pattern ru.iac.ASGIHDTORIS.spring.controller.PatternController.getPatternById(Long)), return= Pattern(id=20, fileCount=0, archiveFileCount=1, name=Шаблон124, description=Данные по какой-то хуйне, direction=-, management=Ыть, isArchive=false, dateCreation=2020-04-27T13:24:40.149489, dateDeactivation=2020-04-29T20:07:52.533144, dateActivation=2020-04-29T20:08:20.814598, lastUpdate=2020-04-29T19:08:01.406479, sourceId=1)
04.05.2020 10:44:18.866 [http-nio-8082-exec-5] INFO   r.i.A.a.c.PatternTableControllerAspect - before execution(Page ru.iac.ASGIHDTORIS.spring.controller.PatternTableController.getAllByPatternIdSort(PatternTableModel,Pageable,HelpModel)), args=[PatternTableModel(id=, nameTable=null, nameFile=null, patternId=20, sourceId=null, isActive=null, helpModel=null),Page request [number: 0, size 10, sort: UNSORTED],HelpModel(dateCreation1=null, dateCreation2=null, dateDeactivation1=null, dateDeactivation2=null, dateActivation1=null, dateActivation2=null, lastUpdate1=null, lastUpdate2=null, isArchive=null, sort=, key=id)]
04.05.2020 10:44:18.869 [http-nio-8082-exec-5] INFO   r.i.A.s.c.FullRepoHelper - SELECT * FROM pattern_table WHERE  pattern_id = cast(:patternId as bigint) AND  active = :isActive ORDER BY id asc LIMIT 10 OFFSET 0
04.05.2020 10:44:18.871 [http-nio-8082-exec-5] INFO   r.i.A.a.c.PatternTableControllerAspect - afterReturning execution(Page ru.iac.ASGIHDTORIS.spring.controller.PatternTableController.getAllByPatternIdSort(PatternTableModel,Pageable,HelpModel)),
return=[
   pageCount=1,
   totalElements=1,
   pageNumber=0,
   pageSize=10,
   sort=UNSORTED,
   values=[
       PatternTable(id=59, nameTable=ahormmsnqydzmks, nameFile=арабская ночь1.csv, patternId=1, sourceId=null, isArchive=false, dateCreation=2020-04-28T16:39:20.906848, dateDeactivation=2020-04-29T20:09:12.195556, dateActivation=2020-05-04T10:44:18.771630, lastUpdate=2020-04-28T16:39:20.906882, dateKill=null, version=null, isActive=null, oldName=null)
       ]
]
04.05.2020 10:44:19.977 [http-nio-8082-exec-6] INFO   r.i.A.a.c.PatternTableControllerAspect - before execution(FullTableModelPage ru.iac.ASGIHDTORIS.spring.controller.PatternTableController.getTable(Long,SearchModel,Pageable)), args=[59,
SearchModel(nameColumn=null, sort=null, keys=null, values=null, pageable=null),
Page request [number: 0, size 10, sort: UNSORTED]]
04.05.2020 10:44:19.987 [http-nio-8082-exec-6] INFO   r.i.A.s.c.FullRepoHelper - SELECT * FROM ahormmsnqydzmks ORDER BY number asc LIMIT 10 OFFSET 0
04.05.2020 10:44:19.989 [http-nio-8082-exec-6] INFO   r.i.A.a.c.PatternTableControllerAspect - afterReturning execution(FullTableModelPage ru.iac.ASGIHDTORIS.spring.controller.PatternTableController.getTable(Long,SearchModel,Pageable)), return=[
   filename=арабская ночь1.csv,
   tableName=ahormmsnqydzmks,
   models=[
      DataModel(key=number, type=integer, primary=true)
       DataModel(key=budget, type=text, primary=false)
       DataModel(key=reportperiod, type=text, primary=false)
       DataModel(key=indicator, type=text, primary=false)
       DataModel(key=bud_value, type=double precision, primary=false)
       DataModel(key=value, type=double precision, primary=false)
       DataModel(key=implpercent, type=double precision, primary=false)
       DataModel(key=fesfds, type=text, primary=false)],
   values=(
   pageCount=2,
   totalElements=15,
   pageNumber=0,
   pageSize=10,
   sort=UNSORTED,
   values=[
       number=1,
         budget=Первоначально утвержденный бюджет 2019 г.,
         reportperiod=на 1 декабря 2019 г.,
         indicator=Национальная оборона,
         bud_value=86755.9,
         value=51158.2719,
         implpercent=58.3102583245,
         fesfds=null
       number=2,
         budget=Первоначально утвержденный бюджет 2019 г.,
         reportperiod=на 1 декабря 2019 г.,
         indicator=Обслуживание государственного и муниципального долга,
         bud_value=2336030,
         value=1155515,
         implpercent=49.4649041322,
         fesfds=null
       number=3,
         budget=Первоначально утвержденный бюджет 2019 г.,
         reportperiod=на 1 декабря 2019 г.,
         indicator=Межбюджетные трансферты общего характера бюджетам бюджетной системы Российской Федерации,
         bud_value=957818.6,
         value=755291.4563,
         implpercent=78.8553757778,
         fesfds=null
       number=4,
         budget=Первоначально утвержденный бюджет 2019 г.,
         reportperiod=на 1 декабря 2019 г.,
         indicator=Охрана окружающей среды,
         bud_value=2049609.9,
         value=1366536.9329,
         implpercent=66.6730255792,
         fesfds=null
       number=5,
         budget=Первоначально утвержденный бюджет 2019 г.,
         reportperiod=на 1 декабря 2019 г.,
         indicator=Средства массовой информации,
         bud_value=3350037,
         value=2978341.0636,
         implpercent=88.9137348227,
         fesfds=null
       number=6,
         budget=Первоначально утвержденный бюджет 2019 г.,
         reportperiod=на 1 декабря 2019 г.,
         indicator=Национальная безопасность и правоохранительная деятельность,
         bud_value=4431707.8,
         value=3650143.9981,
         implpercent=82.5066138445,
         fesfds=null
       number=7,
         budget=Первоначально утвержденный бюджет 2019 г.,
         reportperiod=на 1 декабря 2019 г.,
         indicator=Физическая культура и спорт,
         bud_value=14534101.1,
         value=11987728.2502,
         implpercent=82.4405759198,
         fesfds=null
       number=8,
         budget=Первоначально утвержденный бюджет 2019 г.,
         reportperiod=на 1 декабря 2019 г.,
         indicator=Культура, кинематография,
         bud_value=22073540.4,
         value=17504979.7847,
         implpercent=79.3737757117,
         fesfds=null
       number=9,
         budget=Первоначально утвержденный бюджет 2019 г.,
         reportperiod=на 1 декабря 2019 г.,
         indicator=Общегосударственные вопросы,
         bud_value=33168228.9,
         value=24262062.2182,
         implpercent=73.1722451027,
         fesfds=null
       number=10,
         budget=Первоначально утвержденный бюджет 2019 г.,
         reportperiod=на 1 декабря 2019 г.,
         indicator=Жилищно-коммунальное хозяйство,
         bud_value=69035772.9,
         value=52969938.4811,
         implpercent=76.7676374944,
         fesfds=null
       ]
]
04.05.2020 10:44:20.093 [http-nio-8082-exec-8] INFO   r.i.A.a.c.PatternTableControllerAspect - before execution(PatternTable ru.iac.ASGIHDTORIS.spring.controller.PatternTableController.getById(Long)), args=[59]
04.05.2020 10:44:20.096 [http-nio-8082-exec-8] INFO   r.i.A.a.c.PatternTableControllerAspect - after execution(PatternTable ru.iac.ASGIHDTORIS.spring.controller.PatternTableController.getById(Long)), patternTable=PatternTable(id=59, nameTable=ahormmsnqydzmks, nameFile=арабская ночь1.csv, patternId=20, sourceId=1, isArchive=false, dateCreation=2020-04-28T16:39:20.906848, dateDeactivation=2020-04-29T20:09:12.195556, dateActivation=2020-05-04T10:44:18.771630, lastUpdate=2020-04-28T16:39:20.906882, dateKill=null, version=1, isActive=true, oldName=null)
04.05.2020 10:44:24.127 [http-nio-8082-exec-2] INFO   r.i.A.a.c.PatternControllerAspect - before execution(Pattern ru.iac.ASGIHDTORIS.spring.controller.PatternController.getPatternById(Long)), args=[20]
04.05.2020 10:44:24.127 [http-nio-8082-exec-3] INFO   r.i.A.a.c.PatternTableControllerAspect - before execution(Page ru.iac.ASGIHDTORIS.spring.controller.PatternTableController.getAllByPatternId(Long,Pageable)), args=[20,Page request [number: 0, size 10, sort: id: ASC]]
04.05.2020 10:44:24.130 [http-nio-8082-exec-2] INFO   r.i.A.a.c.PatternControllerAspect - afterReturning execution(Pattern ru.iac.ASGIHDTORIS.spring.controller.PatternController.getPatternById(Long)), return= Pattern(id=20, fileCount=0, archiveFileCount=1, name=Шаблон124, description=Данные по какой-то хуйне, direction=-, management=Ыть, isArchive=false, dateCreation=2020-04-27T13:24:40.149489, dateDeactivation=2020-04-29T20:07:52.533144, dateActivation=2020-04-29T20:08:20.814598, lastUpdate=2020-04-29T19:08:01.406479, sourceId=1)
04.05.2020 10:44:24.131 [http-nio-8082-exec-3] INFO   r.i.A.a.c.PatternTableControllerAspect - afterReturning execution(Page ru.iac.ASGIHDTORIS.spring.controller.PatternTableController.getAllByPatternId(Long,Pageable)),
return=[
   pageCount=1,
   totalElements=1,
   pageNumber=0,
   pageSize=10,
   sort=id: ASC,
   values=[
       PatternTable(id=59, nameTable=ahormmsnqydzmks, nameFile=арабская ночь1.csv, patternId=20, sourceId=1, isArchive=false, dateCreation=2020-04-28T16:39:20.906848, dateDeactivation=2020-04-29T20:09:12.195556, dateActivation=2020-05-04T10:44:18.771630, lastUpdate=2020-04-28T16:39:20.906882, dateKill=null, version=1, isActive=true, oldName=null)
       ]
]
04.05.2020 10:44:35.968 [http-nio-8082-exec-8] INFO   r.i.A.a.c.FileLoaderControllerAspect - before execution(List ru.iac.ASGIHDTORIS.spring.controller.FileLoaderController.uploadFirstFile(MultipartFile,Long)),
   args=[
       fileName=арабская ночь1.csv
       size=622972
       limit=5
   ]
04.05.2020 10:44:40.760 [http-nio-8082-exec-10] INFO   r.i.A.a.c.PatternTableControllerAspect - before execution(boolean ru.iac.ASGIHDTORIS.spring.controller.PatternTableController.existByName(String)), args=[quzihlcjftwgttp]
04.05.2020 10:44:40.765 [http-nio-8082-exec-10] INFO   r.i.A.a.c.PatternTableControllerAspect - after execution(boolean ru.iac.ASGIHDTORIS.spring.controller.PatternTableController.existByName(String)), exist=false
04.05.2020 10:44:40.856 [http-nio-8082-exec-1] INFO   r.i.A.a.c.PatternTableControllerAspect - before execution(PatternTableModelStatus ru.iac.ASGIHDTORIS.spring.controller.PatternTableController.createPatternTable(TableModel,DataModelList,Long)), args=[TableModel(filename=арабская ночь1.csv, tableName=quzihlcjftwgttp, primaryKey=null, models=null),
DataModelList(names=[number, budget, reportperiod, indicator, bud_value, value, implpercent, fesfds], types=[integer, text, text, text, double precision, double precision, double precision, TEXT], primaries=[true, false, false, false, false, false, false, false]),
20]
04.05.2020 10:44:51.731 [http-nio-8082-exec-7] INFO   r.i.A.a.c.PatternControllerAspect - before execution(Pattern ru.iac.ASGIHDTORIS.spring.controller.PatternController.getPatternById(Long)), args=[20]
04.05.2020 10:44:51.733 [http-nio-8082-exec-7] INFO   r.i.A.a.c.PatternControllerAspect - afterReturning execution(Pattern ru.iac.ASGIHDTORIS.spring.controller.PatternController.getPatternById(Long)), return= Pattern(id=20, fileCount=1, archiveFileCount=1, name=Шаблон124, description=Данные по какой-то хуйне, direction=-, management=Ыть, isArchive=false, dateCreation=2020-04-27T13:24:40.149489, dateDeactivation=2020-04-29T20:07:52.533144, dateActivation=2020-04-29T20:08:20.814598, lastUpdate=2020-04-29T19:08:01.406479, sourceId=1)
04.05.2020 10:44:51.734 [http-nio-8082-exec-5] INFO   r.i.A.a.c.PatternTableControllerAspect - before execution(Page ru.iac.ASGIHDTORIS.spring.controller.PatternTableController.getAllByPatternIdSort(PatternTableModel,Pageable,HelpModel)), args=[PatternTableModel(id=, nameTable=null, nameFile=null, patternId=20, sourceId=null, isActive=null, helpModel=null),Page request [number: 0, size 10, sort: UNSORTED],HelpModel(dateCreation1=null, dateCreation2=null, dateDeactivation1=null, dateDeactivation2=null, dateActivation1=null, dateActivation2=null, lastUpdate1=null, lastUpdate2=null, isArchive=null, sort=, key=id)]
04.05.2020 10:44:51.734 [http-nio-8082-exec-5] INFO   r.i.A.s.c.FullRepoHelper - SELECT * FROM pattern_table WHERE  pattern_id = cast(:patternId as bigint) AND  active = :isActive ORDER BY id asc LIMIT 10 OFFSET 0
04.05.2020 10:44:51.735 [http-nio-8082-exec-5] INFO   r.i.A.a.c.PatternTableControllerAspect - afterReturning execution(Page ru.iac.ASGIHDTORIS.spring.controller.PatternTableController.getAllByPatternIdSort(PatternTableModel,Pageable,HelpModel)),
return=[
   pageCount=1,
   totalElements=2,
   pageNumber=0,
   pageSize=10,
   sort=UNSORTED,
   values=[
       PatternTable(id=59, nameTable=ahormmsnqydzmks, nameFile=арабская ночь1.csv, patternId=1, sourceId=null, isArchive=false, dateCreation=2020-04-28T16:39:20.906848, dateDeactivation=2020-04-29T20:09:12.195556, dateActivation=2020-05-04T10:44:18.771630, lastUpdate=2020-04-28T16:39:20.906882, dateKill=null, version=null, isActive=null, oldName=null)
       PatternTable(id=291, nameTable=quzihlcjftwgttp, nameFile=арабская ночь1.csv, patternId=1, sourceId=null, isArchive=false, dateCreation=2020-05-04T10:44:41.012039, dateDeactivation=null, dateActivation=2020-05-04T10:44:41.012006, lastUpdate=2020-05-04T10:44:41.012055, dateKill=null, version=null, isActive=null, oldName=null)
       ]
]
04.05.2020 10:44:53.981 [http-nio-8082-exec-2] INFO   r.i.A.a.c.PatternTableControllerAspect - before execution(FullTableModelPage ru.iac.ASGIHDTORIS.spring.controller.PatternTableController.getTable(Long,SearchModel,Pageable)), args=[291,
SearchModel(nameColumn=null, sort=null, keys=null, values=null, pageable=null),
Page request [number: 0, size 10, sort: UNSORTED]]
04.05.2020 10:44:53.987 [http-nio-8082-exec-2] INFO   r.i.A.s.c.FullRepoHelper - SELECT * FROM quzihlcjftwgttp ORDER BY number asc LIMIT 10 OFFSET 0
04.05.2020 10:44:53.988 [http-nio-8082-exec-2] INFO   r.i.A.a.c.PatternTableControllerAspect - afterReturning execution(FullTableModelPage ru.iac.ASGIHDTORIS.spring.controller.PatternTableController.getTable(Long,SearchModel,Pageable)), return=[
   filename=арабская ночь1.csv,
   tableName=quzihlcjftwgttp,
   models=[
      DataModel(key=number, type=integer, primary=true)
       DataModel(key=budget, type=text, primary=false)
       DataModel(key=reportperiod, type=text, primary=false)
       DataModel(key=indicator, type=text, primary=false)
       DataModel(key=bud_value, type=double precision, primary=false)
       DataModel(key=value, type=double precision, primary=false)
       DataModel(key=implpercent, type=double precision, primary=false)
       DataModel(key=fesfds, type=text, primary=false)],
   values=(
   pageCount=0,
   totalElements=0,
   pageNumber=0,
   pageSize=10,
   sort=UNSORTED,
   values=[
       
       ]
]
04.05.2020 10:44:54.052 [http-nio-8082-exec-3] INFO   r.i.A.a.c.PatternTableControllerAspect - before execution(PatternTable ru.iac.ASGIHDTORIS.spring.controller.PatternTableController.getById(Long)), args=[291]
04.05.2020 10:44:54.054 [http-nio-8082-exec-3] INFO   r.i.A.a.c.PatternTableControllerAspect - after execution(PatternTable ru.iac.ASGIHDTORIS.spring.controller.PatternTableController.getById(Long)), patternTable=PatternTable(id=291, nameTable=quzihlcjftwgttp, nameFile=арабская ночь1.csv, patternId=20, sourceId=1, isArchive=false, dateCreation=2020-05-04T10:44:41.012039, dateDeactivation=null, dateActivation=2020-05-04T10:44:41.012006, lastUpdate=2020-05-04T10:44:41.012055, dateKill=null, version=1, isActive=true, oldName=null)
04.05.2020 10:45:20.737 [http-nio-8082-exec-6] INFO   r.i.A.a.c.FileLoaderControllerAspect - before execution(boolean ru.iac.ASGIHDTORIS.spring.controller.FileLoaderController.sendData(MultipartFile,Long)),
   args=[
       fileName=арабская ночь1.csv
       size=622972
       id=291
   ]
04.05.2020 10:45:26.845 [http-nio-8082-exec-6] INFO   r.i.A.a.c.FileLoaderControllerAspect - before execution(boolean ru.iac.ASGIHDTORIS.spring.controller.FileLoaderController.sendData(MultipartFile,Long)), result=true
04.05.2020 10:45:26.919 [http-nio-8082-exec-7] INFO   r.i.A.a.c.PatternTableControllerAspect - before execution(FullTableModelPage ru.iac.ASGIHDTORIS.spring.controller.PatternTableController.getTable(Long,SearchModel,Pageable)), args=[291,
SearchModel(nameColumn=null, sort=null, keys=null, values=null, pageable=null),
Page request [number: 0, size 10, sort: UNSORTED]]
04.05.2020 10:45:26.928 [http-nio-8082-exec-7] INFO   r.i.A.s.c.FullRepoHelper - SELECT * FROM quzihlcjftwgttp ORDER BY number asc LIMIT 10 OFFSET 0
04.05.2020 10:45:26.929 [http-nio-8082-exec-7] INFO   r.i.A.a.c.PatternTableControllerAspect - afterReturning execution(FullTableModelPage ru.iac.ASGIHDTORIS.spring.controller.PatternTableController.getTable(Long,SearchModel,Pageable)), return=[
   filename=арабская ночь1.csv,
   tableName=quzihlcjftwgttp,
   models=[
      DataModel(key=number, type=integer, primary=true)
       DataModel(key=budget, type=text, primary=false)
       DataModel(key=reportperiod, type=text, primary=false)
       DataModel(key=indicator, type=text, primary=false)
       DataModel(key=bud_value, type=double precision, primary=false)
       DataModel(key=value, type=double precision, primary=false)
       DataModel(key=implpercent, type=double precision, primary=false)
       DataModel(key=fesfds, type=text, primary=false)],
   values=(
   pageCount=2,
   totalElements=15,
   pageNumber=0,
   pageSize=10,
   sort=UNSORTED,
   values=[
       number=1,
         budget=Первоначально утвержденный бюджет 2019 г.,
         reportperiod=на 1 декабря 2019 г.,
         indicator=Национальная оборона,
         bud_value=86755.9,
         value=51158.2719,
         implpercent=58.3102583245,
         fesfds=null
       number=2,
         budget=Первоначально утвержденный бюджет 2019 г.,
         reportperiod=на 1 декабря 2019 г.,
         indicator=Обслуживание государственного и муниципального долга,
         bud_value=2336030,
         value=1155515,
         implpercent=49.4649041322,
         fesfds=null
       number=3,
         budget=Первоначально утвержденный бюджет 2019 г.,
         reportperiod=на 1 декабря 2019 г.,
         indicator=Межбюджетные трансферты общего характера бюджетам бюджетной системы Российской Федерации,
         bud_value=957818.6,
         value=755291.4563,
         implpercent=78.8553757778,
         fesfds=null
       number=4,
         budget=Первоначально утвержденный бюджет 2019 г.,
         reportperiod=на 1 декабря 2019 г.,
         indicator=Охрана окружающей среды,
         bud_value=2049609.9,
         value=1366536.9329,
         implpercent=66.6730255792,
         fesfds=null
       number=5,
         budget=Первоначально утвержденный бюджет 2019 г.,
         reportperiod=на 1 декабря 2019 г.,
         indicator=Средства массовой информации,
         bud_value=3350037,
         value=2978341.0636,
         implpercent=88.9137348227,
         fesfds=null
       number=6,
         budget=Первоначально утвержденный бюджет 2019 г.,
         reportperiod=на 1 декабря 2019 г.,
         indicator=Национальная безопасность и правоохранительная деятельность,
         bud_value=4431707.8,
         value=3650143.9981,
         implpercent=82.5066138445,
         fesfds=null
       number=7,
         budget=Первоначально утвержденный бюджет 2019 г.,
         reportperiod=на 1 декабря 2019 г.,
         indicator=Физическая культура и спорт,
         bud_value=14534101.1,
         value=11987728.2502,
         implpercent=82.4405759198,
         fesfds=null
       number=8,
         budget=Первоначально утвержденный бюджет 2019 г.,
         reportperiod=на 1 декабря 2019 г.,
         indicator=Культура, кинематография,
         bud_value=22073540.4,
         value=17504979.7847,
         implpercent=79.3737757117,
         fesfds=null
       number=9,
         budget=Первоначально утвержденный бюджет 2019 г.,
         reportperiod=на 1 декабря 2019 г.,
         indicator=Общегосударственные вопросы,
         bud_value=33168228.9,
         value=24262062.2182,
         implpercent=73.1722451027,
         fesfds=null
       number=10,
         budget=Первоначально утвержденный бюджет 2019 г.,
         reportperiod=на 1 декабря 2019 г.,
         indicator=Жилищно-коммунальное хозяйство,
         bud_value=69035772.9,
         value=52969938.4811,
         implpercent=76.7676374944,
         fesfds=null
       ]
]
04.05.2020 11:18:44.483 [http-nio-8082-exec-10] INFO   r.i.A.a.c.FileUnLoaderControllerAspect - before execution(List ru.iac.ASGIHDTORIS.spring.controller.FileUnLoaderController.getAllPatternFileByPatternId(Long)), args=[20]
04.05.2020 11:18:44.483 [http-nio-8082-exec-4] INFO   r.i.A.a.c.PatternControllerAspect - before execution(Pattern ru.iac.ASGIHDTORIS.spring.controller.PatternController.getPatternById(Long)), args=[20]
04.05.2020 11:18:44.484 [http-nio-8082-exec-1] INFO   r.i.A.a.c.PatternTableControllerAspect - before execution(Page ru.iac.ASGIHDTORIS.spring.controller.PatternTableController.getAllByPatternId(Long,Pageable)), args=[20,Page request [number: 0, size 10, sort: id: ASC]]
04.05.2020 11:18:44.486 [http-nio-8082-exec-10] INFO   r.i.A.a.c.FileUnLoaderControllerAspect - afterReturning execution(List ru.iac.ASGIHDTORIS.spring.controller.FileUnLoaderController.getAllPatternFileByPatternId(Long)),

04.05.2020 11:18:44.487 [http-nio-8082-exec-4] INFO   r.i.A.a.c.PatternControllerAspect - afterReturning execution(Pattern ru.iac.ASGIHDTORIS.spring.controller.PatternController.getPatternById(Long)), return= Pattern(id=20, fileCount=1, archiveFileCount=1, name=Шаблон124, description=Данные по какой-то хуйне, direction=-, management=Ыть, isArchive=false, dateCreation=2020-04-27T13:24:40.149489, dateDeactivation=2020-04-29T20:07:52.533144, dateActivation=2020-04-29T20:08:20.814598, lastUpdate=2020-04-29T19:08:01.406479, sourceId=1)
04.05.2020 11:18:44.488 [http-nio-8082-exec-1] INFO   r.i.A.a.c.PatternTableControllerAspect - afterReturning execution(Page ru.iac.ASGIHDTORIS.spring.controller.PatternTableController.getAllByPatternId(Long,Pageable)),
return=[
   pageCount=1,
   totalElements=2,
   pageNumber=0,
   pageSize=10,
   sort=id: ASC,
   values=[
       PatternTable(id=59, nameTable=ahormmsnqydzmks, nameFile=арабская ночь1.csv, patternId=20, sourceId=1, isArchive=false, dateCreation=2020-04-28T16:39:20.906848, dateDeactivation=2020-04-29T20:09:12.195556, dateActivation=2020-05-04T10:44:18.771630, lastUpdate=2020-04-28T16:39:20.906882, dateKill=null, version=1, isActive=true, oldName=null)
       PatternTable(id=291, nameTable=quzihlcjftwgttp, nameFile=арабская ночь1.csv, patternId=20, sourceId=1, isArchive=false, dateCreation=2020-05-04T10:44:41.012039, dateDeactivation=null, dateActivation=2020-05-04T10:44:41.012006, lastUpdate=2020-05-04T10:44:41.012055, dateKill=null, version=1, isActive=true, oldName=null)
       ]
]
04.05.2020 11:19:07.102 [http-nio-8082-exec-7] INFO   r.i.A.a.c.FileLoaderControllerAspect - before execution(List ru.iac.ASGIHDTORIS.spring.controller.FileLoaderController.uploadFirstFile(MultipartFile,Long)),
   args=[
       fileName=арабская ночь1.csv
       size=622972
       limit=5
   ]
04.05.2020 11:19:11.401 [http-nio-8082-exec-5] INFO   r.i.A.a.c.PatternTableControllerAspect - before execution(boolean ru.iac.ASGIHDTORIS.spring.controller.PatternTableController.existByName(String)), args=[ntcrjonxavtdpcn]
04.05.2020 11:19:11.408 [http-nio-8082-exec-5] INFO   r.i.A.a.c.PatternTableControllerAspect - after execution(boolean ru.iac.ASGIHDTORIS.spring.controller.PatternTableController.existByName(String)), exist=false
04.05.2020 11:19:11.500 [http-nio-8082-exec-2] INFO   r.i.A.a.c.PatternTableControllerAspect - before execution(PatternTableModelStatus ru.iac.ASGIHDTORIS.spring.controller.PatternTableController.createPatternTable(TableModel,DataModelList,Long)), args=[TableModel(filename=арабская ночь1.csv, tableName=ntcrjonxavtdpcn, primaryKey=null, models=null),
DataModelList(names=[number, budget, reportperiod, indicator, bud_value, value, implpercent, fesfds], types=[integer, text, text, text, double precision, double precision, double precision, TEXT], primaries=[true, false, false, false, false, false, false, false]),
20]
04.05.2020 17:12:30.834 [SpringContextShutdownHook] INFO   o.s.s.c.ThreadPoolTaskExecutor - Shutting down ExecutorService 'applicationTaskExecutor'
04.05.2020 17:12:30.841 [SpringContextShutdownHook] INFO   o.s.o.j.LocalContainerEntityManagerFactoryBean - Closing JPA EntityManagerFactory for persistence unit 'default'
04.05.2020 17:12:30.845 [SpringContextShutdownHook] INFO   c.z.h.HikariDataSource - HikariPool-1 - Shutdown initiated...
04.05.2020 17:12:30.859 [SpringContextShutdownHook] INFO   c.z.h.HikariDataSource - HikariPool-1 - Shutdown completed.
