20.05.2020 12:57:10.774 [restartedMain] INFO   r.i.A.AsGihdTorisApplication - Starting AsGihdTorisApplication on kinteg-MS-7B45 with PID 6743 (/home/kinteg/work/AS-GIHD-TORIS/build/classes/java/main started by kinteg in /home/kinteg/work/AS-GIHD-TORIS)
20.05.2020 12:57:10.777 [restartedMain] INFO   r.i.A.AsGihdTorisApplication - The following profiles are active: dev
20.05.2020 12:57:10.801 [restartedMain] INFO   o.s.b.d.r.ChangeableUrls - The Class-Path manifest attribute in /home/kinteg/.gradle/caches/modules-2/files-2.1/com.github.junrar/junrar/4.0.0/93f9b74e1507db9c55c5bdd35369376a474e4db5/junrar-4.0.0.jar referenced one or more files that do not exist: file:/home/kinteg/.gradle/caches/modules-2/files-2.1/com.github.junrar/junrar/4.0.0/93f9b74e1507db9c55c5bdd35369376a474e4db5/commons-logging-1.2.jar,file:/home/kinteg/.gradle/caches/modules-2/files-2.1/com.github.junrar/junrar/4.0.0/93f9b74e1507db9c55c5bdd35369376a474e4db5/commons-vfs2-2.2.jar
20.05.2020 12:57:10.801 [restartedMain] INFO   o.s.b.d.r.ChangeableUrls - The Class-Path manifest attribute in /home/kinteg/.gradle/caches/modules-2/files-2.1/org.glassfish.jaxb/jaxb-runtime/2.3.2/5528bc882ea499a09d720b42af11785c4fc6be2a/jaxb-runtime-2.3.2.jar referenced one or more files that do not exist: file:/home/kinteg/.gradle/caches/modules-2/files-2.1/org.glassfish.jaxb/jaxb-runtime/2.3.2/5528bc882ea499a09d720b42af11785c4fc6be2a/jakarta.xml.bind-api-2.3.2.jar,file:/home/kinteg/.gradle/caches/modules-2/files-2.1/org.glassfish.jaxb/jaxb-runtime/2.3.2/5528bc882ea499a09d720b42af11785c4fc6be2a/txw2-2.3.2.jar,file:/home/kinteg/.gradle/caches/modules-2/files-2.1/org.glassfish.jaxb/jaxb-runtime/2.3.2/5528bc882ea499a09d720b42af11785c4fc6be2a/istack-commons-runtime-3.0.8.jar,file:/home/kinteg/.gradle/caches/modules-2/files-2.1/org.glassfish.jaxb/jaxb-runtime/2.3.2/5528bc882ea499a09d720b42af11785c4fc6be2a/stax-ex-1.8.1.jar,file:/home/kinteg/.gradle/caches/modules-2/files-2.1/org.glassfish.jaxb/jaxb-runtime/2.3.2/5528bc882ea499a09d720b42af11785c4fc6be2a/FastInfoset-1.2.16.jar,file:/home/kinteg/.gradle/caches/modules-2/files-2.1/org.glassfish.jaxb/jaxb-runtime/2.3.2/5528bc882ea499a09d720b42af11785c4fc6be2a/jakarta.activation-api-1.2.1.jar
20.05.2020 12:57:10.801 [restartedMain] INFO   o.s.b.d.e.DevToolsPropertyDefaultsPostProcessor - Devtools property defaults active! Set 'spring.devtools.add-properties' to 'false' to disable
20.05.2020 12:57:10.801 [restartedMain] INFO   o.s.b.d.e.DevToolsPropertyDefaultsPostProcessor - For additional web related logging consider setting the 'logging.level.web' property to 'DEBUG'
20.05.2020 12:57:11.318 [restartedMain] INFO   o.s.d.r.c.RepositoryConfigurationDelegate - Multiple Spring Data modules found, entering strict repository configuration mode!
20.05.2020 12:57:11.318 [restartedMain] INFO   o.s.d.r.c.RepositoryConfigurationDelegate - Bootstrapping Spring Data JDBC repositories in DEFAULT mode.
20.05.2020 12:57:11.347 [restartedMain] INFO   o.s.d.r.c.RepositoryConfigurationExtensionSupport - Spring Data JDBC - Could not safely identify store assignment for repository candidate interface ru.iac.ASGIHDTORIS.spring.repo.ActionsRepo. If you want this repository to be a JDBC repository, consider annotating your entities with one of these annotations: org.springframework.data.relational.core.mapping.Table.
20.05.2020 12:57:11.348 [restartedMain] INFO   o.s.d.r.c.RepositoryConfigurationExtensionSupport - Spring Data JDBC - Could not safely identify store assignment for repository candidate interface ru.iac.ASGIHDTORIS.spring.repo.BeforeAfterPatternRepo. If you want this repository to be a JDBC repository, consider annotating your entities with one of these annotations: org.springframework.data.relational.core.mapping.Table.
20.05.2020 12:57:11.349 [restartedMain] INFO   o.s.d.r.c.RepositoryConfigurationExtensionSupport - Spring Data JDBC - Could not safely identify store assignment for repository candidate interface ru.iac.ASGIHDTORIS.spring.repo.BeforeAfterPatternTableRepo. If you want this repository to be a JDBC repository, consider annotating your entities with one of these annotations: org.springframework.data.relational.core.mapping.Table.
20.05.2020 12:57:11.349 [restartedMain] INFO   o.s.d.r.c.RepositoryConfigurationExtensionSupport - Spring Data JDBC - Could not safely identify store assignment for repository candidate interface ru.iac.ASGIHDTORIS.spring.repo.BeforeAfterSourceRepo. If you want this repository to be a JDBC repository, consider annotating your entities with one of these annotations: org.springframework.data.relational.core.mapping.Table.
20.05.2020 12:57:11.350 [restartedMain] INFO   o.s.d.r.c.RepositoryConfigurationExtensionSupport - Spring Data JDBC - Could not safely identify store assignment for repository candidate interface ru.iac.ASGIHDTORIS.spring.repo.ErrorsRepo. If you want this repository to be a JDBC repository, consider annotating your entities with one of these annotations: org.springframework.data.relational.core.mapping.Table.
20.05.2020 12:57:11.351 [restartedMain] INFO   o.s.d.r.c.RepositoryConfigurationExtensionSupport - Spring Data JDBC - Could not safely identify store assignment for repository candidate interface ru.iac.ASGIHDTORIS.spring.repo.ObjectsRepo. If you want this repository to be a JDBC repository, consider annotating your entities with one of these annotations: org.springframework.data.relational.core.mapping.Table.
20.05.2020 12:57:11.351 [restartedMain] INFO   o.s.d.r.c.RepositoryConfigurationExtensionSupport - Spring Data JDBC - Could not safely identify store assignment for repository candidate interface ru.iac.ASGIHDTORIS.spring.repo.PatternFileRepo. If you want this repository to be a JDBC repository, consider annotating your entities with one of these annotations: org.springframework.data.relational.core.mapping.Table.
20.05.2020 12:57:11.352 [restartedMain] INFO   o.s.d.r.c.RepositoryConfigurationExtensionSupport - Spring Data JDBC - Could not safely identify store assignment for repository candidate interface ru.iac.ASGIHDTORIS.spring.repo.PatternLoggerRepo. If you want this repository to be a JDBC repository, consider annotating your entities with one of these annotations: org.springframework.data.relational.core.mapping.Table.
20.05.2020 12:57:11.353 [restartedMain] INFO   o.s.d.r.c.RepositoryConfigurationExtensionSupport - Spring Data JDBC - Could not safely identify store assignment for repository candidate interface ru.iac.ASGIHDTORIS.spring.repo.PatternRepo. If you want this repository to be a JDBC repository, consider annotating your entities with one of these annotations: org.springframework.data.relational.core.mapping.Table.
20.05.2020 12:57:11.354 [restartedMain] INFO   o.s.d.r.c.RepositoryConfigurationExtensionSupport - Spring Data JDBC - Could not safely identify store assignment for repository candidate interface ru.iac.ASGIHDTORIS.spring.repo.PatternTableFileRepo. If you want this repository to be a JDBC repository, consider annotating your entities with one of these annotations: org.springframework.data.relational.core.mapping.Table.
20.05.2020 12:57:11.354 [restartedMain] INFO   o.s.d.r.c.RepositoryConfigurationExtensionSupport - Spring Data JDBC - Could not safely identify store assignment for repository candidate interface ru.iac.ASGIHDTORIS.spring.repo.PatternTableLoggerRepo. If you want this repository to be a JDBC repository, consider annotating your entities with one of these annotations: org.springframework.data.relational.core.mapping.Table.
20.05.2020 12:57:11.355 [restartedMain] INFO   o.s.d.r.c.RepositoryConfigurationExtensionSupport - Spring Data JDBC - Could not safely identify store assignment for repository candidate interface ru.iac.ASGIHDTORIS.spring.repo.PatternTableRepo. If you want this repository to be a JDBC repository, consider annotating your entities with one of these annotations: org.springframework.data.relational.core.mapping.Table.
20.05.2020 12:57:11.356 [restartedMain] INFO   o.s.d.r.c.RepositoryConfigurationExtensionSupport - Spring Data JDBC - Could not safely identify store assignment for repository candidate interface ru.iac.ASGIHDTORIS.spring.repo.SourceLoggerRepo. If you want this repository to be a JDBC repository, consider annotating your entities with one of these annotations: org.springframework.data.relational.core.mapping.Table.
20.05.2020 12:57:11.356 [restartedMain] INFO   o.s.d.r.c.RepositoryConfigurationExtensionSupport - Spring Data JDBC - Could not safely identify store assignment for repository candidate interface ru.iac.ASGIHDTORIS.spring.repo.SourceRepo. If you want this repository to be a JDBC repository, consider annotating your entities with one of these annotations: org.springframework.data.relational.core.mapping.Table.
20.05.2020 12:57:11.357 [restartedMain] INFO   o.s.d.r.c.RepositoryConfigurationExtensionSupport - Spring Data JDBC - Could not safely identify store assignment for repository candidate interface ru.iac.ASGIHDTORIS.spring.repo.StatusesRepo. If you want this repository to be a JDBC repository, consider annotating your entities with one of these annotations: org.springframework.data.relational.core.mapping.Table.
20.05.2020 12:57:11.357 [restartedMain] INFO   o.s.d.r.c.RepositoryConfigurationDelegate - Finished Spring Data repository scanning in 36ms. Found 0 JDBC repository interfaces.
20.05.2020 12:57:11.362 [restartedMain] INFO   o.s.d.r.c.RepositoryConfigurationDelegate - Multiple Spring Data modules found, entering strict repository configuration mode!
20.05.2020 12:57:11.362 [restartedMain] INFO   o.s.d.r.c.RepositoryConfigurationDelegate - Bootstrapping Spring Data JPA repositories in DEFAULT mode.
20.05.2020 12:57:11.416 [restartedMain] INFO   o.s.d.r.c.RepositoryConfigurationDelegate - Finished Spring Data repository scanning in 52ms. Found 15 JPA repository interfaces.
20.05.2020 12:57:11.725 [restartedMain] INFO   o.s.c.s.PostProcessorRegistrationDelegate$BeanPostProcessorChecker - Bean 'org.springframework.transaction.annotation.ProxyTransactionManagementConfiguration' of type [org.springframework.transaction.annotation.ProxyTransactionManagementConfiguration] is not eligible for getting processed by all BeanPostProcessors (for example: not eligible for auto-proxying)
20.05.2020 12:57:12.183 [restartedMain] INFO   o.s.b.w.e.t.TomcatWebServer - Tomcat initialized with port(s): 8082 (http)
20.05.2020 12:57:12.189 [restartedMain] INFO   o.a.c.h.Http11NioProtocol - Initializing ProtocolHandler ["http-nio-8082"]
20.05.2020 12:57:12.189 [restartedMain] INFO   o.a.c.c.StandardService - Starting service [Tomcat]
20.05.2020 12:57:12.189 [restartedMain] INFO   o.a.c.c.StandardEngine - Starting Servlet engine: [Apache Tomcat/9.0.30]
20.05.2020 12:57:12.240 [restartedMain] INFO   o.a.c.c.C.[.[.[/] - Initializing Spring embedded WebApplicationContext
20.05.2020 12:57:12.240 [restartedMain] INFO   o.s.w.c.ContextLoader - Root WebApplicationContext: initialization completed in 1439 ms
20.05.2020 12:57:12.359 [restartedMain] INFO   o.f.c.i.l.VersionPrinter - Flyway Community Edition 6.2.4 by Redgate
20.05.2020 12:57:12.362 [restartedMain] INFO   c.z.h.HikariDataSource - HikariPool-1 - Starting...
20.05.2020 12:57:12.515 [restartedMain] INFO   c.z.h.HikariDataSource - HikariPool-1 - Start completed.
20.05.2020 12:57:12.523 [restartedMain] INFO   o.f.c.i.d.DatabaseFactory - Database: jdbc:postgresql://localhost:5432/iac5 (PostgreSQL 12.1)
20.05.2020 12:57:12.542 [restartedMain] INFO   o.f.c.i.c.DbValidate - Successfully validated 5 migrations (execution time 00:00.010s)
20.05.2020 12:57:12.546 [restartedMain] INFO   o.f.c.i.c.DbMigrate - Current version of schema "public": 5
20.05.2020 12:57:12.546 [restartedMain] INFO   o.f.c.i.c.DbMigrate - Schema "public" is up to date. No migration necessary.
20.05.2020 12:57:12.705 [restartedMain] INFO   o.h.j.i.u.LogHelper - HHH000204: Processing PersistenceUnitInfo [name: default]
20.05.2020 12:57:12.743 [restartedMain] INFO   o.hibernate.Version - HHH000412: Hibernate Core {5.4.10.Final}
20.05.2020 12:57:12.802 [restartedMain] INFO   o.h.a.common.Version - HCANN000001: Hibernate Commons Annotations {5.1.0.Final}
20.05.2020 12:57:12.847 [restartedMain] INFO   o.h.dialect.Dialect - HHH000400: Using dialect: org.hibernate.dialect.PostgreSQLDialect
20.05.2020 12:57:13.538 [restartedMain] INFO   o.h.e.t.j.p.i.JtaPlatformInitiator - HHH000490: Using JtaPlatform implementation: [org.hibernate.engine.transaction.jta.platform.internal.NoJtaPlatform]
20.05.2020 12:57:13.542 [restartedMain] INFO   o.s.o.j.LocalContainerEntityManagerFactoryBean - Initialized JPA EntityManagerFactory for persistence unit 'default'
20.05.2020 12:57:13.587 [restartedMain] INFO   o.s.b.d.a.OptionalLiveReloadServer - LiveReload server is running on port 35729
20.05.2020 12:57:14.951 [restartedMain] INFO   o.s.s.c.ThreadPoolTaskExecutor - Initializing ExecutorService 'applicationTaskExecutor'
20.05.2020 12:57:15.017 [restartedMain] INFO   o.s.b.a.w.s.WelcomePageHandlerMapping - Adding welcome page template: index
20.05.2020 12:57:15.381 [restartedMain] INFO   o.a.c.h.Http11NioProtocol - Starting ProtocolHandler ["http-nio-8082"]
20.05.2020 12:57:15.386 [restartedMain] INFO   o.a.c.h.Http11NioProtocol - Pausing ProtocolHandler ["http-nio-8082"]
20.05.2020 12:57:15.386 [restartedMain] INFO   o.a.c.c.StandardService - Stopping service [Tomcat]
20.05.2020 12:57:15.388 [restartedMain] INFO   o.a.c.h.Http11NioProtocol - Stopping ProtocolHandler ["http-nio-8082"]
20.05.2020 12:57:15.388 [restartedMain] INFO   o.a.c.h.Http11NioProtocol - Destroying ProtocolHandler ["http-nio-8082"]
20.05.2020 12:57:15.389 [restartedMain] INFO   o.s.b.a.l.ConditionEvaluationReportLoggingListener - 

Error starting ApplicationContext. To display the conditions report re-run your application with 'debug' enabled.
20.05.2020 12:57:15.392 [restartedMain] ERROR  o.s.b.d.LoggingFailureAnalysisReporter - 

***************************
APPLICATION FAILED TO START
***************************

Description:

Web server failed to start. Port 8082 was already in use.

Action:

Identify and stop the process that's listening on port 8082 or configure this application to listen on another port.

20.05.2020 12:57:15.394 [restartedMain] INFO   o.s.s.c.ThreadPoolTaskExecutor - Shutting down ExecutorService 'applicationTaskExecutor'
20.05.2020 12:57:15.397 [restartedMain] INFO   o.s.o.j.LocalContainerEntityManagerFactoryBean - Closing JPA EntityManagerFactory for persistence unit 'default'
20.05.2020 12:57:15.399 [restartedMain] INFO   c.z.h.HikariDataSource - HikariPool-1 - Shutdown initiated...
20.05.2020 12:57:15.406 [restartedMain] INFO   c.z.h.HikariDataSource - HikariPool-1 - Shutdown completed.
20.05.2020 12:58:44.192 [restartedMain] INFO   r.i.A.AsGihdTorisApplication - Starting AsGihdTorisApplication on kinteg-MS-7B45 with PID 9112 (/home/kinteg/work/AS-GIHD-TORIS/build/classes/java/main started by kinteg in /home/kinteg/work/AS-GIHD-TORIS)
20.05.2020 12:58:44.193 [restartedMain] INFO   r.i.A.AsGihdTorisApplication - The following profiles are active: dev
20.05.2020 12:58:44.219 [restartedMain] INFO   o.s.b.d.r.ChangeableUrls - The Class-Path manifest attribute in /home/kinteg/.gradle/caches/modules-2/files-2.1/com.github.junrar/junrar/4.0.0/93f9b74e1507db9c55c5bdd35369376a474e4db5/junrar-4.0.0.jar referenced one or more files that do not exist: file:/home/kinteg/.gradle/caches/modules-2/files-2.1/com.github.junrar/junrar/4.0.0/93f9b74e1507db9c55c5bdd35369376a474e4db5/commons-logging-1.2.jar,file:/home/kinteg/.gradle/caches/modules-2/files-2.1/com.github.junrar/junrar/4.0.0/93f9b74e1507db9c55c5bdd35369376a474e4db5/commons-vfs2-2.2.jar
20.05.2020 12:58:44.219 [restartedMain] INFO   o.s.b.d.r.ChangeableUrls - The Class-Path manifest attribute in /home/kinteg/.gradle/caches/modules-2/files-2.1/org.glassfish.jaxb/jaxb-runtime/2.3.2/5528bc882ea499a09d720b42af11785c4fc6be2a/jaxb-runtime-2.3.2.jar referenced one or more files that do not exist: file:/home/kinteg/.gradle/caches/modules-2/files-2.1/org.glassfish.jaxb/jaxb-runtime/2.3.2/5528bc882ea499a09d720b42af11785c4fc6be2a/jakarta.xml.bind-api-2.3.2.jar,file:/home/kinteg/.gradle/caches/modules-2/files-2.1/org.glassfish.jaxb/jaxb-runtime/2.3.2/5528bc882ea499a09d720b42af11785c4fc6be2a/txw2-2.3.2.jar,file:/home/kinteg/.gradle/caches/modules-2/files-2.1/org.glassfish.jaxb/jaxb-runtime/2.3.2/5528bc882ea499a09d720b42af11785c4fc6be2a/istack-commons-runtime-3.0.8.jar,file:/home/kinteg/.gradle/caches/modules-2/files-2.1/org.glassfish.jaxb/jaxb-runtime/2.3.2/5528bc882ea499a09d720b42af11785c4fc6be2a/stax-ex-1.8.1.jar,file:/home/kinteg/.gradle/caches/modules-2/files-2.1/org.glassfish.jaxb/jaxb-runtime/2.3.2/5528bc882ea499a09d720b42af11785c4fc6be2a/FastInfoset-1.2.16.jar,file:/home/kinteg/.gradle/caches/modules-2/files-2.1/org.glassfish.jaxb/jaxb-runtime/2.3.2/5528bc882ea499a09d720b42af11785c4fc6be2a/jakarta.activation-api-1.2.1.jar
20.05.2020 12:58:44.219 [restartedMain] INFO   o.s.b.d.e.DevToolsPropertyDefaultsPostProcessor - Devtools property defaults active! Set 'spring.devtools.add-properties' to 'false' to disable
20.05.2020 12:58:44.219 [restartedMain] INFO   o.s.b.d.e.DevToolsPropertyDefaultsPostProcessor - For additional web related logging consider setting the 'logging.level.web' property to 'DEBUG'
20.05.2020 12:58:44.682 [restartedMain] INFO   o.s.d.r.c.RepositoryConfigurationDelegate - Multiple Spring Data modules found, entering strict repository configuration mode!
20.05.2020 12:58:44.683 [restartedMain] INFO   o.s.d.r.c.RepositoryConfigurationDelegate - Bootstrapping Spring Data JDBC repositories in DEFAULT mode.
20.05.2020 12:58:44.727 [restartedMain] INFO   o.s.d.r.c.RepositoryConfigurationExtensionSupport - Spring Data JDBC - Could not safely identify store assignment for repository candidate interface ru.iac.ASGIHDTORIS.spring.repo.ActionsRepo. If you want this repository to be a JDBC repository, consider annotating your entities with one of these annotations: org.springframework.data.relational.core.mapping.Table.
20.05.2020 12:58:44.728 [restartedMain] INFO   o.s.d.r.c.RepositoryConfigurationExtensionSupport - Spring Data JDBC - Could not safely identify store assignment for repository candidate interface ru.iac.ASGIHDTORIS.spring.repo.BeforeAfterPatternRepo. If you want this repository to be a JDBC repository, consider annotating your entities with one of these annotations: org.springframework.data.relational.core.mapping.Table.
20.05.2020 12:58:44.729 [restartedMain] INFO   o.s.d.r.c.RepositoryConfigurationExtensionSupport - Spring Data JDBC - Could not safely identify store assignment for repository candidate interface ru.iac.ASGIHDTORIS.spring.repo.BeforeAfterPatternTableRepo. If you want this repository to be a JDBC repository, consider annotating your entities with one of these annotations: org.springframework.data.relational.core.mapping.Table.
20.05.2020 12:58:44.730 [restartedMain] INFO   o.s.d.r.c.RepositoryConfigurationExtensionSupport - Spring Data JDBC - Could not safely identify store assignment for repository candidate interface ru.iac.ASGIHDTORIS.spring.repo.BeforeAfterSourceRepo. If you want this repository to be a JDBC repository, consider annotating your entities with one of these annotations: org.springframework.data.relational.core.mapping.Table.
20.05.2020 12:58:44.731 [restartedMain] INFO   o.s.d.r.c.RepositoryConfigurationExtensionSupport - Spring Data JDBC - Could not safely identify store assignment for repository candidate interface ru.iac.ASGIHDTORIS.spring.repo.ErrorsRepo. If you want this repository to be a JDBC repository, consider annotating your entities with one of these annotations: org.springframework.data.relational.core.mapping.Table.
20.05.2020 12:58:44.732 [restartedMain] INFO   o.s.d.r.c.RepositoryConfigurationExtensionSupport - Spring Data JDBC - Could not safely identify store assignment for repository candidate interface ru.iac.ASGIHDTORIS.spring.repo.ObjectsRepo. If you want this repository to be a JDBC repository, consider annotating your entities with one of these annotations: org.springframework.data.relational.core.mapping.Table.
20.05.2020 12:58:44.732 [restartedMain] INFO   o.s.d.r.c.RepositoryConfigurationExtensionSupport - Spring Data JDBC - Could not safely identify store assignment for repository candidate interface ru.iac.ASGIHDTORIS.spring.repo.PatternFileRepo. If you want this repository to be a JDBC repository, consider annotating your entities with one of these annotations: org.springframework.data.relational.core.mapping.Table.
20.05.2020 12:58:44.733 [restartedMain] INFO   o.s.d.r.c.RepositoryConfigurationExtensionSupport - Spring Data JDBC - Could not safely identify store assignment for repository candidate interface ru.iac.ASGIHDTORIS.spring.repo.PatternLoggerRepo. If you want this repository to be a JDBC repository, consider annotating your entities with one of these annotations: org.springframework.data.relational.core.mapping.Table.
20.05.2020 12:58:44.734 [restartedMain] INFO   o.s.d.r.c.RepositoryConfigurationExtensionSupport - Spring Data JDBC - Could not safely identify store assignment for repository candidate interface ru.iac.ASGIHDTORIS.spring.repo.PatternRepo. If you want this repository to be a JDBC repository, consider annotating your entities with one of these annotations: org.springframework.data.relational.core.mapping.Table.
20.05.2020 12:58:44.735 [restartedMain] INFO   o.s.d.r.c.RepositoryConfigurationExtensionSupport - Spring Data JDBC - Could not safely identify store assignment for repository candidate interface ru.iac.ASGIHDTORIS.spring.repo.PatternTableFileRepo. If you want this repository to be a JDBC repository, consider annotating your entities with one of these annotations: org.springframework.data.relational.core.mapping.Table.
20.05.2020 12:58:44.736 [restartedMain] INFO   o.s.d.r.c.RepositoryConfigurationExtensionSupport - Spring Data JDBC - Could not safely identify store assignment for repository candidate interface ru.iac.ASGIHDTORIS.spring.repo.PatternTableLoggerRepo. If you want this repository to be a JDBC repository, consider annotating your entities with one of these annotations: org.springframework.data.relational.core.mapping.Table.
20.05.2020 12:58:44.737 [restartedMain] INFO   o.s.d.r.c.RepositoryConfigurationExtensionSupport - Spring Data JDBC - Could not safely identify store assignment for repository candidate interface ru.iac.ASGIHDTORIS.spring.repo.PatternTableRepo. If you want this repository to be a JDBC repository, consider annotating your entities with one of these annotations: org.springframework.data.relational.core.mapping.Table.
20.05.2020 12:58:44.738 [restartedMain] INFO   o.s.d.r.c.RepositoryConfigurationExtensionSupport - Spring Data JDBC - Could not safely identify store assignment for repository candidate interface ru.iac.ASGIHDTORIS.spring.repo.SourceLoggerRepo. If you want this repository to be a JDBC repository, consider annotating your entities with one of these annotations: org.springframework.data.relational.core.mapping.Table.
20.05.2020 12:58:44.739 [restartedMain] INFO   o.s.d.r.c.RepositoryConfigurationExtensionSupport - Spring Data JDBC - Could not safely identify store assignment for repository candidate interface ru.iac.ASGIHDTORIS.spring.repo.SourceRepo. If you want this repository to be a JDBC repository, consider annotating your entities with one of these annotations: org.springframework.data.relational.core.mapping.Table.
20.05.2020 12:58:44.740 [restartedMain] INFO   o.s.d.r.c.RepositoryConfigurationExtensionSupport - Spring Data JDBC - Could not safely identify store assignment for repository candidate interface ru.iac.ASGIHDTORIS.spring.repo.StatusesRepo. If you want this repository to be a JDBC repository, consider annotating your entities with one of these annotations: org.springframework.data.relational.core.mapping.Table.
20.05.2020 12:58:44.741 [restartedMain] INFO   o.s.d.r.c.RepositoryConfigurationDelegate - Finished Spring Data repository scanning in 55ms. Found 0 JDBC repository interfaces.
20.05.2020 12:58:44.748 [restartedMain] INFO   o.s.d.r.c.RepositoryConfigurationDelegate - Multiple Spring Data modules found, entering strict repository configuration mode!
20.05.2020 12:58:44.749 [restartedMain] INFO   o.s.d.r.c.RepositoryConfigurationDelegate - Bootstrapping Spring Data JPA repositories in DEFAULT mode.
20.05.2020 12:58:44.810 [restartedMain] INFO   o.s.d.r.c.RepositoryConfigurationDelegate - Finished Spring Data repository scanning in 58ms. Found 15 JPA repository interfaces.
20.05.2020 12:58:45.060 [restartedMain] INFO   o.s.c.s.PostProcessorRegistrationDelegate$BeanPostProcessorChecker - Bean 'org.springframework.transaction.annotation.ProxyTransactionManagementConfiguration' of type [org.springframework.transaction.annotation.ProxyTransactionManagementConfiguration] is not eligible for getting processed by all BeanPostProcessors (for example: not eligible for auto-proxying)
20.05.2020 12:58:45.538 [restartedMain] INFO   o.s.b.w.e.t.TomcatWebServer - Tomcat initialized with port(s): 8082 (http)
20.05.2020 12:58:45.543 [restartedMain] INFO   o.a.c.h.Http11NioProtocol - Initializing ProtocolHandler ["http-nio-8082"]
20.05.2020 12:58:45.543 [restartedMain] INFO   o.a.c.c.StandardService - Starting service [Tomcat]
20.05.2020 12:58:45.543 [restartedMain] INFO   o.a.c.c.StandardEngine - Starting Servlet engine: [Apache Tomcat/9.0.30]
20.05.2020 12:58:45.592 [restartedMain] INFO   o.a.c.c.C.[.[.[/] - Initializing Spring embedded WebApplicationContext
20.05.2020 12:58:45.593 [restartedMain] INFO   o.s.w.c.ContextLoader - Root WebApplicationContext: initialization completed in 1373 ms
20.05.2020 12:58:45.707 [restartedMain] INFO   o.f.c.i.l.VersionPrinter - Flyway Community Edition 6.2.4 by Redgate
20.05.2020 12:58:45.709 [restartedMain] INFO   c.z.h.HikariDataSource - HikariPool-1 - Starting...
20.05.2020 12:58:45.841 [restartedMain] INFO   c.z.h.HikariDataSource - HikariPool-1 - Start completed.
20.05.2020 12:58:45.848 [restartedMain] INFO   o.f.c.i.d.DatabaseFactory - Database: jdbc:postgresql://localhost:5432/iac5 (PostgreSQL 12.1)
20.05.2020 12:58:45.864 [restartedMain] INFO   o.f.c.i.c.DbValidate - Successfully validated 5 migrations (execution time 00:00.008s)
20.05.2020 12:58:45.867 [restartedMain] INFO   o.f.c.i.c.DbMigrate - Current version of schema "public": 5
20.05.2020 12:58:45.868 [restartedMain] INFO   o.f.c.i.c.DbMigrate - Schema "public" is up to date. No migration necessary.
20.05.2020 12:58:45.979 [restartedMain] INFO   o.h.j.i.u.LogHelper - HHH000204: Processing PersistenceUnitInfo [name: default]
20.05.2020 12:58:46.008 [restartedMain] INFO   o.hibernate.Version - HHH000412: Hibernate Core {5.4.10.Final}
20.05.2020 12:58:46.060 [restartedMain] INFO   o.h.a.common.Version - HCANN000001: Hibernate Commons Annotations {5.1.0.Final}
20.05.2020 12:58:46.106 [restartedMain] INFO   o.h.dialect.Dialect - HHH000400: Using dialect: org.hibernate.dialect.PostgreSQLDialect
20.05.2020 12:58:46.592 [restartedMain] INFO   o.h.e.t.j.p.i.JtaPlatformInitiator - HHH000490: Using JtaPlatform implementation: [org.hibernate.engine.transaction.jta.platform.internal.NoJtaPlatform]
20.05.2020 12:58:46.595 [restartedMain] INFO   o.s.o.j.LocalContainerEntityManagerFactoryBean - Initialized JPA EntityManagerFactory for persistence unit 'default'
20.05.2020 12:58:46.633 [restartedMain] INFO   o.s.b.d.a.OptionalLiveReloadServer - LiveReload server is running on port 35729
20.05.2020 12:58:47.719 [restartedMain] INFO   o.s.s.c.ThreadPoolTaskExecutor - Initializing ExecutorService 'applicationTaskExecutor'
20.05.2020 12:58:47.815 [restartedMain] INFO   o.s.b.a.w.s.WelcomePageHandlerMapping - Adding welcome page template: index
20.05.2020 12:58:48.176 [restartedMain] INFO   o.a.c.h.Http11NioProtocol - Starting ProtocolHandler ["http-nio-8082"]
20.05.2020 12:58:48.186 [restartedMain] INFO   o.s.b.w.e.t.TomcatWebServer - Tomcat started on port(s): 8082 (http) with context path ''
20.05.2020 12:58:48.189 [restartedMain] INFO   r.i.A.AsGihdTorisApplication - Started AsGihdTorisApplication in 4.157 seconds (JVM running for 4.636)
20.05.2020 18:11:45.519 [SpringContextShutdownHook] INFO   o.s.s.c.ThreadPoolTaskExecutor - Shutting down ExecutorService 'applicationTaskExecutor'
20.05.2020 18:11:45.523 [SpringContextShutdownHook] INFO   o.s.o.j.LocalContainerEntityManagerFactoryBean - Closing JPA EntityManagerFactory for persistence unit 'default'
20.05.2020 18:11:45.525 [SpringContextShutdownHook] INFO   c.z.h.HikariDataSource - HikariPool-1 - Shutdown initiated...
20.05.2020 18:11:45.530 [SpringContextShutdownHook] INFO   c.z.h.HikariDataSource - HikariPool-1 - Shutdown completed.
20.05.2020 18:12:05.639 [restartedMain] INFO   r.i.A.AsGihdTorisApplication - Starting AsGihdTorisApplication on kinteg-MS-7B45 with PID 800 (/home/kinteg/work/AS-GIHD-TORIS/build/classes/java/main started by kinteg in /home/kinteg/work/AS-GIHD-TORIS)
20.05.2020 18:12:05.641 [restartedMain] INFO   r.i.A.AsGihdTorisApplication - The following profiles are active: dev
20.05.2020 18:12:05.664 [restartedMain] INFO   o.s.b.d.r.ChangeableUrls - The Class-Path manifest attribute in /home/kinteg/.gradle/caches/modules-2/files-2.1/com.github.junrar/junrar/4.0.0/93f9b74e1507db9c55c5bdd35369376a474e4db5/junrar-4.0.0.jar referenced one or more files that do not exist: file:/home/kinteg/.gradle/caches/modules-2/files-2.1/com.github.junrar/junrar/4.0.0/93f9b74e1507db9c55c5bdd35369376a474e4db5/commons-logging-1.2.jar,file:/home/kinteg/.gradle/caches/modules-2/files-2.1/com.github.junrar/junrar/4.0.0/93f9b74e1507db9c55c5bdd35369376a474e4db5/commons-vfs2-2.2.jar
20.05.2020 18:12:05.665 [restartedMain] INFO   o.s.b.d.r.ChangeableUrls - The Class-Path manifest attribute in /home/kinteg/.gradle/caches/modules-2/files-2.1/org.glassfish.jaxb/jaxb-runtime/2.3.2/5528bc882ea499a09d720b42af11785c4fc6be2a/jaxb-runtime-2.3.2.jar referenced one or more files that do not exist: file:/home/kinteg/.gradle/caches/modules-2/files-2.1/org.glassfish.jaxb/jaxb-runtime/2.3.2/5528bc882ea499a09d720b42af11785c4fc6be2a/jakarta.xml.bind-api-2.3.2.jar,file:/home/kinteg/.gradle/caches/modules-2/files-2.1/org.glassfish.jaxb/jaxb-runtime/2.3.2/5528bc882ea499a09d720b42af11785c4fc6be2a/txw2-2.3.2.jar,file:/home/kinteg/.gradle/caches/modules-2/files-2.1/org.glassfish.jaxb/jaxb-runtime/2.3.2/5528bc882ea499a09d720b42af11785c4fc6be2a/istack-commons-runtime-3.0.8.jar,file:/home/kinteg/.gradle/caches/modules-2/files-2.1/org.glassfish.jaxb/jaxb-runtime/2.3.2/5528bc882ea499a09d720b42af11785c4fc6be2a/stax-ex-1.8.1.jar,file:/home/kinteg/.gradle/caches/modules-2/files-2.1/org.glassfish.jaxb/jaxb-runtime/2.3.2/5528bc882ea499a09d720b42af11785c4fc6be2a/FastInfoset-1.2.16.jar,file:/home/kinteg/.gradle/caches/modules-2/files-2.1/org.glassfish.jaxb/jaxb-runtime/2.3.2/5528bc882ea499a09d720b42af11785c4fc6be2a/jakarta.activation-api-1.2.1.jar
20.05.2020 18:12:05.665 [restartedMain] INFO   o.s.b.d.e.DevToolsPropertyDefaultsPostProcessor - Devtools property defaults active! Set 'spring.devtools.add-properties' to 'false' to disable
20.05.2020 18:12:05.665 [restartedMain] INFO   o.s.b.d.e.DevToolsPropertyDefaultsPostProcessor - For additional web related logging consider setting the 'logging.level.web' property to 'DEBUG'
20.05.2020 18:12:06.126 [restartedMain] INFO   o.s.d.r.c.RepositoryConfigurationDelegate - Multiple Spring Data modules found, entering strict repository configuration mode!
20.05.2020 18:12:06.127 [restartedMain] INFO   o.s.d.r.c.RepositoryConfigurationDelegate - Bootstrapping Spring Data JDBC repositories in DEFAULT mode.
20.05.2020 18:12:06.158 [restartedMain] INFO   o.s.d.r.c.RepositoryConfigurationExtensionSupport - Spring Data JDBC - Could not safely identify store assignment for repository candidate interface ru.iac.ASGIHDTORIS.spring.repo.ActionsRepo. If you want this repository to be a JDBC repository, consider annotating your entities with one of these annotations: org.springframework.data.relational.core.mapping.Table.
20.05.2020 18:12:06.159 [restartedMain] INFO   o.s.d.r.c.RepositoryConfigurationExtensionSupport - Spring Data JDBC - Could not safely identify store assignment for repository candidate interface ru.iac.ASGIHDTORIS.spring.repo.BeforeAfterPatternRepo. If you want this repository to be a JDBC repository, consider annotating your entities with one of these annotations: org.springframework.data.relational.core.mapping.Table.
20.05.2020 18:12:06.159 [restartedMain] INFO   o.s.d.r.c.RepositoryConfigurationExtensionSupport - Spring Data JDBC - Could not safely identify store assignment for repository candidate interface ru.iac.ASGIHDTORIS.spring.repo.BeforeAfterPatternTableRepo. If you want this repository to be a JDBC repository, consider annotating your entities with one of these annotations: org.springframework.data.relational.core.mapping.Table.
20.05.2020 18:12:06.160 [restartedMain] INFO   o.s.d.r.c.RepositoryConfigurationExtensionSupport - Spring Data JDBC - Could not safely identify store assignment for repository candidate interface ru.iac.ASGIHDTORIS.spring.repo.BeforeAfterSourceRepo. If you want this repository to be a JDBC repository, consider annotating your entities with one of these annotations: org.springframework.data.relational.core.mapping.Table.
20.05.2020 18:12:06.161 [restartedMain] INFO   o.s.d.r.c.RepositoryConfigurationExtensionSupport - Spring Data JDBC - Could not safely identify store assignment for repository candidate interface ru.iac.ASGIHDTORIS.spring.repo.ErrorsRepo. If you want this repository to be a JDBC repository, consider annotating your entities with one of these annotations: org.springframework.data.relational.core.mapping.Table.
20.05.2020 18:12:06.162 [restartedMain] INFO   o.s.d.r.c.RepositoryConfigurationExtensionSupport - Spring Data JDBC - Could not safely identify store assignment for repository candidate interface ru.iac.ASGIHDTORIS.spring.repo.ObjectsRepo. If you want this repository to be a JDBC repository, consider annotating your entities with one of these annotations: org.springframework.data.relational.core.mapping.Table.
20.05.2020 18:12:06.162 [restartedMain] INFO   o.s.d.r.c.RepositoryConfigurationExtensionSupport - Spring Data JDBC - Could not safely identify store assignment for repository candidate interface ru.iac.ASGIHDTORIS.spring.repo.PatternFileRepo. If you want this repository to be a JDBC repository, consider annotating your entities with one of these annotations: org.springframework.data.relational.core.mapping.Table.
20.05.2020 18:12:06.163 [restartedMain] INFO   o.s.d.r.c.RepositoryConfigurationExtensionSupport - Spring Data JDBC - Could not safely identify store assignment for repository candidate interface ru.iac.ASGIHDTORIS.spring.repo.PatternLoggerRepo. If you want this repository to be a JDBC repository, consider annotating your entities with one of these annotations: org.springframework.data.relational.core.mapping.Table.
20.05.2020 18:12:06.163 [restartedMain] INFO   o.s.d.r.c.RepositoryConfigurationExtensionSupport - Spring Data JDBC - Could not safely identify store assignment for repository candidate interface ru.iac.ASGIHDTORIS.spring.repo.PatternRepo. If you want this repository to be a JDBC repository, consider annotating your entities with one of these annotations: org.springframework.data.relational.core.mapping.Table.
20.05.2020 18:12:06.164 [restartedMain] INFO   o.s.d.r.c.RepositoryConfigurationExtensionSupport - Spring Data JDBC - Could not safely identify store assignment for repository candidate interface ru.iac.ASGIHDTORIS.spring.repo.PatternTableFileRepo. If you want this repository to be a JDBC repository, consider annotating your entities with one of these annotations: org.springframework.data.relational.core.mapping.Table.
20.05.2020 18:12:06.165 [restartedMain] INFO   o.s.d.r.c.RepositoryConfigurationExtensionSupport - Spring Data JDBC - Could not safely identify store assignment for repository candidate interface ru.iac.ASGIHDTORIS.spring.repo.PatternTableLoggerRepo. If you want this repository to be a JDBC repository, consider annotating your entities with one of these annotations: org.springframework.data.relational.core.mapping.Table.
20.05.2020 18:12:06.166 [restartedMain] INFO   o.s.d.r.c.RepositoryConfigurationExtensionSupport - Spring Data JDBC - Could not safely identify store assignment for repository candidate interface ru.iac.ASGIHDTORIS.spring.repo.PatternTableRepo. If you want this repository to be a JDBC repository, consider annotating your entities with one of these annotations: org.springframework.data.relational.core.mapping.Table.
20.05.2020 18:12:06.166 [restartedMain] INFO   o.s.d.r.c.RepositoryConfigurationExtensionSupport - Spring Data JDBC - Could not safely identify store assignment for repository candidate interface ru.iac.ASGIHDTORIS.spring.repo.SourceLoggerRepo. If you want this repository to be a JDBC repository, consider annotating your entities with one of these annotations: org.springframework.data.relational.core.mapping.Table.
20.05.2020 18:12:06.167 [restartedMain] INFO   o.s.d.r.c.RepositoryConfigurationExtensionSupport - Spring Data JDBC - Could not safely identify store assignment for repository candidate interface ru.iac.ASGIHDTORIS.spring.repo.SourceRepo. If you want this repository to be a JDBC repository, consider annotating your entities with one of these annotations: org.springframework.data.relational.core.mapping.Table.
20.05.2020 18:12:06.168 [restartedMain] INFO   o.s.d.r.c.RepositoryConfigurationExtensionSupport - Spring Data JDBC - Could not safely identify store assignment for repository candidate interface ru.iac.ASGIHDTORIS.spring.repo.StatusesRepo. If you want this repository to be a JDBC repository, consider annotating your entities with one of these annotations: org.springframework.data.relational.core.mapping.Table.
20.05.2020 18:12:06.168 [restartedMain] INFO   o.s.d.r.c.RepositoryConfigurationDelegate - Finished Spring Data repository scanning in 38ms. Found 0 JDBC repository interfaces.
20.05.2020 18:12:06.175 [restartedMain] INFO   o.s.d.r.c.RepositoryConfigurationDelegate - Multiple Spring Data modules found, entering strict repository configuration mode!
20.05.2020 18:12:06.175 [restartedMain] INFO   o.s.d.r.c.RepositoryConfigurationDelegate - Bootstrapping Spring Data JPA repositories in DEFAULT mode.
20.05.2020 18:12:06.236 [restartedMain] INFO   o.s.d.r.c.RepositoryConfigurationDelegate - Finished Spring Data repository scanning in 59ms. Found 15 JPA repository interfaces.
20.05.2020 18:12:06.492 [restartedMain] INFO   o.s.c.s.PostProcessorRegistrationDelegate$BeanPostProcessorChecker - Bean 'org.springframework.transaction.annotation.ProxyTransactionManagementConfiguration' of type [org.springframework.transaction.annotation.ProxyTransactionManagementConfiguration] is not eligible for getting processed by all BeanPostProcessors (for example: not eligible for auto-proxying)
20.05.2020 18:12:06.937 [restartedMain] INFO   o.s.b.w.e.t.TomcatWebServer - Tomcat initialized with port(s): 8082 (http)
20.05.2020 18:12:06.943 [restartedMain] INFO   o.a.c.h.Http11NioProtocol - Initializing ProtocolHandler ["http-nio-8082"]
20.05.2020 18:12:06.943 [restartedMain] INFO   o.a.c.c.StandardService - Starting service [Tomcat]
20.05.2020 18:12:06.943 [restartedMain] INFO   o.a.c.c.StandardEngine - Starting Servlet engine: [Apache Tomcat/9.0.30]
20.05.2020 18:12:06.995 [restartedMain] INFO   o.a.c.c.C.[.[.[/] - Initializing Spring embedded WebApplicationContext
20.05.2020 18:12:06.995 [restartedMain] INFO   o.s.w.c.ContextLoader - Root WebApplicationContext: initialization completed in 1330 ms
20.05.2020 18:12:07.111 [restartedMain] INFO   o.f.c.i.l.VersionPrinter - Flyway Community Edition 6.2.4 by Redgate
20.05.2020 18:12:07.113 [restartedMain] INFO   c.z.h.HikariDataSource - HikariPool-1 - Starting...
20.05.2020 18:12:07.244 [restartedMain] INFO   c.z.h.HikariDataSource - HikariPool-1 - Start completed.
20.05.2020 18:12:07.252 [restartedMain] INFO   o.f.c.i.d.DatabaseFactory - Database: jdbc:postgresql://localhost:5432/iac5 (PostgreSQL 12.1)
20.05.2020 18:12:07.269 [restartedMain] INFO   o.f.c.i.c.DbValidate - Successfully validated 5 migrations (execution time 00:00.009s)
20.05.2020 18:12:07.272 [restartedMain] INFO   o.f.c.i.c.DbMigrate - Current version of schema "public": 5
20.05.2020 18:12:07.273 [restartedMain] INFO   o.f.c.i.c.DbMigrate - Schema "public" is up to date. No migration necessary.
20.05.2020 18:12:07.388 [restartedMain] INFO   o.h.j.i.u.LogHelper - HHH000204: Processing PersistenceUnitInfo [name: default]
20.05.2020 18:12:07.420 [restartedMain] INFO   o.hibernate.Version - HHH000412: Hibernate Core {5.4.10.Final}
20.05.2020 18:12:07.477 [restartedMain] INFO   o.h.a.common.Version - HCANN000001: Hibernate Commons Annotations {5.1.0.Final}
20.05.2020 18:12:07.520 [restartedMain] INFO   o.h.dialect.Dialect - HHH000400: Using dialect: org.hibernate.dialect.PostgreSQLDialect
20.05.2020 18:12:08.037 [restartedMain] INFO   o.h.e.t.j.p.i.JtaPlatformInitiator - HHH000490: Using JtaPlatform implementation: [org.hibernate.engine.transaction.jta.platform.internal.NoJtaPlatform]
20.05.2020 18:12:08.040 [restartedMain] INFO   o.s.o.j.LocalContainerEntityManagerFactoryBean - Initialized JPA EntityManagerFactory for persistence unit 'default'
20.05.2020 18:12:08.080 [restartedMain] INFO   o.s.b.d.a.OptionalLiveReloadServer - LiveReload server is running on port 35729
20.05.2020 18:12:09.288 [restartedMain] INFO   o.s.s.c.ThreadPoolTaskExecutor - Initializing ExecutorService 'applicationTaskExecutor'
20.05.2020 18:12:09.359 [restartedMain] INFO   o.s.b.a.w.s.WelcomePageHandlerMapping - Adding welcome page template: index
20.05.2020 18:12:09.714 [restartedMain] INFO   o.a.c.h.Http11NioProtocol - Starting ProtocolHandler ["http-nio-8082"]
20.05.2020 18:12:09.724 [restartedMain] INFO   o.s.b.w.e.t.TomcatWebServer - Tomcat started on port(s): 8082 (http) with context path ''
20.05.2020 18:12:09.726 [restartedMain] INFO   r.i.A.AsGihdTorisApplication - Started AsGihdTorisApplication in 4.254 seconds (JVM running for 4.739)
