05.05.2020 17:41:32.519 [restartedMain] INFO   r.i.A.AsGihdTorisApplication - Starting AsGihdTorisApplication on kinteg-MS-7B45 with PID 22632 (/home/kinteg/work/AS-GIHD-TORIS/build/classes/java/main started by kinteg in /home/kinteg/work/AS-GIHD-TORIS)
05.05.2020 17:41:32.523 [restartedMain] INFO   r.i.A.AsGihdTorisApplication - The following profiles are active: dev
05.05.2020 17:41:32.550 [restartedMain] INFO   o.s.b.d.r.ChangeableUrls - The Class-Path manifest attribute in /home/kinteg/.gradle/caches/modules-2/files-2.1/com.github.junrar/junrar/4.0.0/93f9b74e1507db9c55c5bdd35369376a474e4db5/junrar-4.0.0.jar referenced one or more files that do not exist: file:/home/kinteg/.gradle/caches/modules-2/files-2.1/com.github.junrar/junrar/4.0.0/93f9b74e1507db9c55c5bdd35369376a474e4db5/commons-logging-1.2.jar,file:/home/kinteg/.gradle/caches/modules-2/files-2.1/com.github.junrar/junrar/4.0.0/93f9b74e1507db9c55c5bdd35369376a474e4db5/commons-vfs2-2.2.jar
05.05.2020 17:41:32.550 [restartedMain] INFO   o.s.b.d.r.ChangeableUrls - The Class-Path manifest attribute in /home/kinteg/.gradle/caches/modules-2/files-2.1/org.glassfish.jaxb/jaxb-runtime/2.3.2/5528bc882ea499a09d720b42af11785c4fc6be2a/jaxb-runtime-2.3.2.jar referenced one or more files that do not exist: file:/home/kinteg/.gradle/caches/modules-2/files-2.1/org.glassfish.jaxb/jaxb-runtime/2.3.2/5528bc882ea499a09d720b42af11785c4fc6be2a/jakarta.xml.bind-api-2.3.2.jar,file:/home/kinteg/.gradle/caches/modules-2/files-2.1/org.glassfish.jaxb/jaxb-runtime/2.3.2/5528bc882ea499a09d720b42af11785c4fc6be2a/txw2-2.3.2.jar,file:/home/kinteg/.gradle/caches/modules-2/files-2.1/org.glassfish.jaxb/jaxb-runtime/2.3.2/5528bc882ea499a09d720b42af11785c4fc6be2a/istack-commons-runtime-3.0.8.jar,file:/home/kinteg/.gradle/caches/modules-2/files-2.1/org.glassfish.jaxb/jaxb-runtime/2.3.2/5528bc882ea499a09d720b42af11785c4fc6be2a/stax-ex-1.8.1.jar,file:/home/kinteg/.gradle/caches/modules-2/files-2.1/org.glassfish.jaxb/jaxb-runtime/2.3.2/5528bc882ea499a09d720b42af11785c4fc6be2a/FastInfoset-1.2.16.jar,file:/home/kinteg/.gradle/caches/modules-2/files-2.1/org.glassfish.jaxb/jaxb-runtime/2.3.2/5528bc882ea499a09d720b42af11785c4fc6be2a/jakarta.activation-api-1.2.1.jar
05.05.2020 17:41:32.551 [restartedMain] INFO   o.s.b.d.e.DevToolsPropertyDefaultsPostProcessor - Devtools property defaults active! Set 'spring.devtools.add-properties' to 'false' to disable
05.05.2020 17:41:32.551 [restartedMain] INFO   o.s.b.d.e.DevToolsPropertyDefaultsPostProcessor - For additional web related logging consider setting the 'logging.level.web' property to 'DEBUG'
05.05.2020 17:41:33.155 [restartedMain] INFO   o.s.d.r.c.RepositoryConfigurationDelegate - Multiple Spring Data modules found, entering strict repository configuration mode!
05.05.2020 17:41:33.156 [restartedMain] INFO   o.s.d.r.c.RepositoryConfigurationDelegate - Bootstrapping Spring Data JDBC repositories in DEFAULT mode.
05.05.2020 17:41:33.190 [restartedMain] INFO   o.s.d.r.c.RepositoryConfigurationExtensionSupport - Spring Data JDBC - Could not safely identify store assignment for repository candidate interface ru.iac.ASGIHDTORIS.spring.repo.ActionsRepo. If you want this repository to be a JDBC repository, consider annotating your entities with one of these annotations: org.springframework.data.relational.core.mapping.Table.
05.05.2020 17:41:33.191 [restartedMain] INFO   o.s.d.r.c.RepositoryConfigurationExtensionSupport - Spring Data JDBC - Could not safely identify store assignment for repository candidate interface ru.iac.ASGIHDTORIS.spring.repo.BeforeAfterPatternRepo. If you want this repository to be a JDBC repository, consider annotating your entities with one of these annotations: org.springframework.data.relational.core.mapping.Table.
05.05.2020 17:41:33.192 [restartedMain] INFO   o.s.d.r.c.RepositoryConfigurationExtensionSupport - Spring Data JDBC - Could not safely identify store assignment for repository candidate interface ru.iac.ASGIHDTORIS.spring.repo.BeforeAfterPatternTableRepo. If you want this repository to be a JDBC repository, consider annotating your entities with one of these annotations: org.springframework.data.relational.core.mapping.Table.
05.05.2020 17:41:33.192 [restartedMain] INFO   o.s.d.r.c.RepositoryConfigurationExtensionSupport - Spring Data JDBC - Could not safely identify store assignment for repository candidate interface ru.iac.ASGIHDTORIS.spring.repo.BeforeAfterSourceRepo. If you want this repository to be a JDBC repository, consider annotating your entities with one of these annotations: org.springframework.data.relational.core.mapping.Table.
05.05.2020 17:41:33.193 [restartedMain] INFO   o.s.d.r.c.RepositoryConfigurationExtensionSupport - Spring Data JDBC - Could not safely identify store assignment for repository candidate interface ru.iac.ASGIHDTORIS.spring.repo.ErrorsRepo. If you want this repository to be a JDBC repository, consider annotating your entities with one of these annotations: org.springframework.data.relational.core.mapping.Table.
05.05.2020 17:41:33.193 [restartedMain] INFO   o.s.d.r.c.RepositoryConfigurationExtensionSupport - Spring Data JDBC - Could not safely identify store assignment for repository candidate interface ru.iac.ASGIHDTORIS.spring.repo.ObjectsRepo. If you want this repository to be a JDBC repository, consider annotating your entities with one of these annotations: org.springframework.data.relational.core.mapping.Table.
05.05.2020 17:41:33.194 [restartedMain] INFO   o.s.d.r.c.RepositoryConfigurationExtensionSupport - Spring Data JDBC - Could not safely identify store assignment for repository candidate interface ru.iac.ASGIHDTORIS.spring.repo.PatternFileRepo. If you want this repository to be a JDBC repository, consider annotating your entities with one of these annotations: org.springframework.data.relational.core.mapping.Table.
05.05.2020 17:41:33.195 [restartedMain] INFO   o.s.d.r.c.RepositoryConfigurationExtensionSupport - Spring Data JDBC - Could not safely identify store assignment for repository candidate interface ru.iac.ASGIHDTORIS.spring.repo.PatternLoggerRepo. If you want this repository to be a JDBC repository, consider annotating your entities with one of these annotations: org.springframework.data.relational.core.mapping.Table.
05.05.2020 17:41:33.195 [restartedMain] INFO   o.s.d.r.c.RepositoryConfigurationExtensionSupport - Spring Data JDBC - Could not safely identify store assignment for repository candidate interface ru.iac.ASGIHDTORIS.spring.repo.PatternRepo. If you want this repository to be a JDBC repository, consider annotating your entities with one of these annotations: org.springframework.data.relational.core.mapping.Table.
05.05.2020 17:41:33.196 [restartedMain] INFO   o.s.d.r.c.RepositoryConfigurationExtensionSupport - Spring Data JDBC - Could not safely identify store assignment for repository candidate interface ru.iac.ASGIHDTORIS.spring.repo.PatternTableFileRepo. If you want this repository to be a JDBC repository, consider annotating your entities with one of these annotations: org.springframework.data.relational.core.mapping.Table.
05.05.2020 17:41:33.196 [restartedMain] INFO   o.s.d.r.c.RepositoryConfigurationExtensionSupport - Spring Data JDBC - Could not safely identify store assignment for repository candidate interface ru.iac.ASGIHDTORIS.spring.repo.PatternTableLoggerRepo. If you want this repository to be a JDBC repository, consider annotating your entities with one of these annotations: org.springframework.data.relational.core.mapping.Table.
05.05.2020 17:41:33.197 [restartedMain] INFO   o.s.d.r.c.RepositoryConfigurationExtensionSupport - Spring Data JDBC - Could not safely identify store assignment for repository candidate interface ru.iac.ASGIHDTORIS.spring.repo.PatternTableRepo. If you want this repository to be a JDBC repository, consider annotating your entities with one of these annotations: org.springframework.data.relational.core.mapping.Table.
05.05.2020 17:41:33.198 [restartedMain] INFO   o.s.d.r.c.RepositoryConfigurationExtensionSupport - Spring Data JDBC - Could not safely identify store assignment for repository candidate interface ru.iac.ASGIHDTORIS.spring.repo.SourceLoggerRepo. If you want this repository to be a JDBC repository, consider annotating your entities with one of these annotations: org.springframework.data.relational.core.mapping.Table.
05.05.2020 17:41:33.198 [restartedMain] INFO   o.s.d.r.c.RepositoryConfigurationExtensionSupport - Spring Data JDBC - Could not safely identify store assignment for repository candidate interface ru.iac.ASGIHDTORIS.spring.repo.SourceRepo. If you want this repository to be a JDBC repository, consider annotating your entities with one of these annotations: org.springframework.data.relational.core.mapping.Table.
05.05.2020 17:41:33.199 [restartedMain] INFO   o.s.d.r.c.RepositoryConfigurationExtensionSupport - Spring Data JDBC - Could not safely identify store assignment for repository candidate interface ru.iac.ASGIHDTORIS.spring.repo.StatusesRepo. If you want this repository to be a JDBC repository, consider annotating your entities with one of these annotations: org.springframework.data.relational.core.mapping.Table.
05.05.2020 17:41:33.199 [restartedMain] INFO   o.s.d.r.c.RepositoryConfigurationDelegate - Finished Spring Data repository scanning in 39ms. Found 0 JDBC repository interfaces.
05.05.2020 17:41:33.205 [restartedMain] INFO   o.s.d.r.c.RepositoryConfigurationDelegate - Multiple Spring Data modules found, entering strict repository configuration mode!
05.05.2020 17:41:33.205 [restartedMain] INFO   o.s.d.r.c.RepositoryConfigurationDelegate - Bootstrapping Spring Data JPA repositories in DEFAULT mode.
05.05.2020 17:41:33.263 [restartedMain] INFO   o.s.d.r.c.RepositoryConfigurationDelegate - Finished Spring Data repository scanning in 54ms. Found 15 JPA repository interfaces.
05.05.2020 17:41:33.562 [restartedMain] INFO   o.s.c.s.PostProcessorRegistrationDelegate$BeanPostProcessorChecker - Bean 'org.springframework.transaction.annotation.ProxyTransactionManagementConfiguration' of type [org.springframework.transaction.annotation.ProxyTransactionManagementConfiguration] is not eligible for getting processed by all BeanPostProcessors (for example: not eligible for auto-proxying)
05.05.2020 17:41:34.052 [restartedMain] INFO   o.s.b.w.e.t.TomcatWebServer - Tomcat initialized with port(s): 8082 (http)
05.05.2020 17:41:34.057 [restartedMain] INFO   o.a.c.h.Http11NioProtocol - Initializing ProtocolHandler ["http-nio-8082"]
05.05.2020 17:41:34.057 [restartedMain] INFO   o.a.c.c.StandardService - Starting service [Tomcat]
05.05.2020 17:41:34.057 [restartedMain] INFO   o.a.c.c.StandardEngine - Starting Servlet engine: [Apache Tomcat/9.0.30]
05.05.2020 17:41:34.098 [restartedMain] INFO   o.a.c.c.C.[.[.[/] - Initializing Spring embedded WebApplicationContext
05.05.2020 17:41:34.098 [restartedMain] INFO   o.s.w.c.ContextLoader - Root WebApplicationContext: initialization completed in 1547 ms
05.05.2020 17:41:34.214 [restartedMain] INFO   o.f.c.i.l.VersionPrinter - Flyway Community Edition 6.2.4 by Redgate
05.05.2020 17:41:34.220 [restartedMain] INFO   c.z.h.HikariDataSource - HikariPool-1 - Starting...
05.05.2020 17:41:34.370 [restartedMain] INFO   c.z.h.HikariDataSource - HikariPool-1 - Start completed.
05.05.2020 17:41:34.379 [restartedMain] INFO   o.f.c.i.d.DatabaseFactory - Database: jdbc:postgresql://localhost:5432/iac5 (PostgreSQL 12.1)
05.05.2020 17:41:34.398 [restartedMain] INFO   o.f.c.i.c.DbValidate - Successfully validated 5 migrations (execution time 00:00.011s)
05.05.2020 17:41:34.402 [restartedMain] INFO   o.f.c.i.c.DbMigrate - Current version of schema "public": 5
05.05.2020 17:41:34.403 [restartedMain] INFO   o.f.c.i.c.DbMigrate - Schema "public" is up to date. No migration necessary.
05.05.2020 17:41:34.526 [restartedMain] INFO   o.h.j.i.u.LogHelper - HHH000204: Processing PersistenceUnitInfo [name: default]
05.05.2020 17:41:34.585 [restartedMain] INFO   o.hibernate.Version - HHH000412: Hibernate Core {5.4.10.Final}
05.05.2020 17:41:34.679 [restartedMain] INFO   o.h.a.common.Version - HCANN000001: Hibernate Commons Annotations {5.1.0.Final}
05.05.2020 17:41:34.736 [restartedMain] INFO   o.h.dialect.Dialect - HHH000400: Using dialect: org.hibernate.dialect.PostgreSQLDialect
05.05.2020 17:41:35.289 [restartedMain] INFO   o.h.e.t.j.p.i.JtaPlatformInitiator - HHH000490: Using JtaPlatform implementation: [org.hibernate.engine.transaction.jta.platform.internal.NoJtaPlatform]
05.05.2020 17:41:35.292 [restartedMain] INFO   o.s.o.j.LocalContainerEntityManagerFactoryBean - Initialized JPA EntityManagerFactory for persistence unit 'default'
05.05.2020 17:41:35.335 [restartedMain] INFO   o.s.b.d.a.OptionalLiveReloadServer - LiveReload server is running on port 35729
05.05.2020 17:41:36.472 [restartedMain] INFO   o.s.s.c.ThreadPoolTaskExecutor - Initializing ExecutorService 'applicationTaskExecutor'
05.05.2020 17:41:36.542 [restartedMain] INFO   o.s.b.a.w.s.WelcomePageHandlerMapping - Adding welcome page template: index
05.05.2020 17:41:36.904 [restartedMain] INFO   o.a.c.h.Http11NioProtocol - Starting ProtocolHandler ["http-nio-8082"]
05.05.2020 17:41:36.915 [restartedMain] INFO   o.s.b.w.e.t.TomcatWebServer - Tomcat started on port(s): 8082 (http) with context path ''
05.05.2020 17:41:36.917 [restartedMain] INFO   r.i.A.AsGihdTorisApplication - Started AsGihdTorisApplication in 4.578 seconds (JVM running for 5.108)
05.05.2020 17:49:06.402 [SpringContextShutdownHook] INFO   o.s.s.c.ThreadPoolTaskExecutor - Shutting down ExecutorService 'applicationTaskExecutor'
05.05.2020 17:49:06.410 [SpringContextShutdownHook] INFO   o.s.o.j.LocalContainerEntityManagerFactoryBean - Closing JPA EntityManagerFactory for persistence unit 'default'
05.05.2020 17:49:06.414 [SpringContextShutdownHook] INFO   c.z.h.HikariDataSource - HikariPool-1 - Shutdown initiated...
05.05.2020 17:49:06.478 [SpringContextShutdownHook] INFO   c.z.h.HikariDataSource - HikariPool-1 - Shutdown completed.
